#
# A fatal error has been detected by the Java Runtime Environment:
#
#  EXCEPTION_ACCESS_VIOLATION (0xc0000005) at pc=0x00007ff86ce3caa7, pid=952, tid=5704
#
# JRE version: Java(TM) SE Runtime Environment (11.0.1+13) (build 11.0.1+13-LTS)
# Java VM: Java HotSpot(TM) 64-Bit Server VM (11.0.1+13-LTS, mixed mode, tiered, compressed oops, g1 gc, windows-amd64)
# Problematic frame:
# C  [VCRUNTIME140.dll+0xcaa7]
#
# No core dump will be written. Minidumps are not enabled by default on client versions of Windows
#
# If you would like to submit a bug report, please visit:
#   http://bugreport.java.com/bugreport/crash.jsp
#

---------------  S U M M A R Y ------------

Command Line: -Dnetbeans.importclass=org.netbeans.upgrade.AutoUpgrade -XX:+UseStringDeduplication -Xss2m -Xms32m -Djdk.gtk.version=2.2 -Dapple.laf.useScreenMenuBar=true -Dapple.awt.graphics.UseQuartz=true -Dsun.java2d.noddraw=true -Dsun.java2d.dpiaware=true -Dsun.zip.disableMemoryMapping=true -Dplugin.manager.check.updates=false -Dnetbeans.extbrowser.manual_chrome_plugin_install=yes --add-opens=java.base/java.net=ALL-UNNAMED --add-opens=java.base/java.lang.ref=ALL-UNNAMED --add-opens=java.base/java.lang=ALL-UNNAMED --add-opens=java.base/java.security=ALL-UNNAMED --add-opens=java.base/java.util=ALL-UNNAMED --add-opens=java.desktop/javax.swing.plaf.basic=ALL-UNNAMED --add-opens=java.desktop/javax.swing.text=ALL-UNNAMED --add-opens=java.desktop/javax.swing=ALL-UNNAMED --add-opens=java.desktop/java.awt=ALL-UNNAMED --add-opens=java.desktop/java.awt.event=ALL-UNNAMED --add-opens=java.prefs/java.util.prefs=ALL-UNNAMED --add-opens=jdk.jshell/jdk.jshell=ALL-UNNAMED --add-modules=jdk.jshell --add-exports=java.desktop/sun.awt=ALL-UNNAMED --add-exports=java.desktop/java.awt.peer=ALL-UNNAMED --add-exports=java.desktop/com.sun.beans.editors=ALL-UNNAMED --add-exports=java.desktop/sun.swing=ALL-UNNAMED --add-exports=java.desktop/sun.awt.im=ALL-UNNAMED --add-exports=jdk.internal.jvmstat/sun.jvmstat.monitor=ALL-UNNAMED --add-exports=java.management/sun.management=ALL-UNNAMED --add-exports=java.base/sun.reflect.annotation=ALL-UNNAMED --add-exports=jdk.javadoc/com.sun.tools.javadoc.main=ALL-UNNAMED -XX:+IgnoreUnrecognizedVMOptions -Xmx1024m -Djdk.home=C:\Program Files\Java\jdk-11.0.1 -Dnetbeans.home=C:\Users\Sabrina\Downloads\incubating-netbeans-10.0-bin\netbeans\platform -Dnetbeans.user=C:\Users\Sabrina\AppData\Roaming\NetBeans\10.0 -Dnetbeans.default_userdir_root=C:\Users\Sabrina\AppData\Roaming\NetBeans -XX:+HeapDumpOnOutOfMemoryError -XX:HeapDumpPath=C:\Users\Sabrina\AppData\Roaming\NetBeans\10.0\var\log\heapdump.hprof -Dsun.awt.keepWorkingSetOnMinimize=true -Dnetbeans.dirs=C:\Users\Sabrina\Downloads\incubating-netbeans-10.0-bin\netbeans\nb;C:\Users\Sabrina\Downloads\incubating-netbeans-10.0-bin\netbeans\ergonomics;C:\Users\Sabrina\Downloads\incubating-netbeans-10.0-bin\netbeans\ide;C:\Users\Sabrina\Downloads\incubating-netbeans-10.0-bin\netbeans\extide;C:\Users\Sabrina\Downloads\incubating-netbeans-10.0-bin\netbeans\java;C:\Users\Sabrina\Downloads\incubating-netbeans-10.0-bin\netbeans\apisupport;C:\Users\Sabrina\Downloads\incubating-netbeans-10.0-bin\netbeans\webcommon;C:\Users\Sabrina\Downloads\incubating-netbeans-10.0-bin\netbeans\websvccommon;C:\Users\Sabrina\Downloads\incubating-netbeans-10.0-bin\netbeans\enterprise;C:\Users\Sabrina\Downloads\incubating-netbeans-10.0-bin\netbeans\mobility;C:\Users\Sabrina\Downloads\incubating-netbeans-10.0-bin\netbeans\profiler;C:\Users\Sabrina\Downloads\incubating-netbeans-10.0-bin\netbeans\python;C:\Users\Sabrina\Downloads\incubating-netbeans-10.0-bin\netbeans\php;C:\Users\Sabrina\Downloads\incubating-netbeans-10.0-bin\netbeans\identity;C:\Users\Sabrina\Downloads\incubating-netbeans-10.0-bin\netbeans\harness;C:\Users\Sabrina\Downloads\incubating-netbeans-10.0-bin\netbeans\cnd;C:\Users\Sabrina\Downloads\incubating-netbeans-10.0-bin\netbeans\cndext;C:\Users\Sabrina\Downloads\incubating-netbeans-10.0-bin\netbeans\dlight;C:\Users\Sabrina\Downloads\incubating-netbeans-10.0-bin\netbeans\groovy;C:\Users\Sabrina\Downloads\incubating-netbeans-10.0-bin\netbeans\extra;C:\Users\Sabrina\Downloads\incubating-netbeans-10.0-bin\netbeans\javacard;C:\Users\Sabrina\Downloads\incubating-netbeans-10.0-bin\netbeans\javafx exit 

Host: Intel(R) Core(TM) i7-4720HQ CPU @ 2.60GHz, 8 cores, 7G,  Windows 8.1 , 64 bit Build 9600 (6.3.9600.17415)
Time: Tue Jan 29 12:48:02 2019 Eastern Standard Time elapsed time: 61585 seconds (0d 17h 6m 25s)

---------------  T H R E A D  ---------------

Current thread (0x000000002b0a0800):  JavaThread "System clipboard synchronizer" daemon [_thread_in_vm, id=5704, stack(0x0000000031bb0000,0x0000000031db0000)]

Stack: [0x0000000031bb0000,0x0000000031db0000],  sp=0x0000000031daee48,  free space=2043k
Native frames: (J=compiled Java code, j=interpreted, Vv=VM code, C=native code)
C  [VCRUNTIME140.dll+0xcaa7]
V  [jvm.dll+0x3d6515]
C  [awt.dll+0x8b545]

Java frames: (J=compiled Java code, j=interpreted, Vv=VM code)
J 25645  sun.awt.windows.WClipboard.getClipboardData(J)[B java.desktop@11.0.1 (0 bytes) @ 0x0000000013c1887b [0x0000000013c18840+0x000000000000003b]
J 21158 c2 sun.awt.datatransfer.ClipboardTransferable$$Lambda$501.accept(Ljava/lang/Object;)V java.desktop@11.0.1 (20 bytes) @ 0x0000000013871830 [0x0000000013871560+0x00000000000002d0]
J 25483 c1 java.util.HashMap$EntrySet.forEach(Ljava/util/function/Consumer;)V java.base@11.0.1 (116 bytes) @ 0x000000000ce6281c [0x000000000ce62620+0x00000000000001fc]
j  sun.awt.datatransfer.ClipboardTransferable.<init>(Lsun/awt/datatransfer/SunClipboard;)V+76 java.desktop@11.0.1
j  sun.awt.datatransfer.SunClipboard.getContents(Ljava/lang/Object;)Ljava/awt/datatransfer/Transferable;+17 java.desktop@11.0.1
j  org.netbeans.NbClipboard.getContents(Ljava/lang/Object;)Ljava/awt/datatransfer/Transferable;+145
j  org.netbeans.modules.editor.impl.actions.clipboardhistory.ClipboardHistory.clipboardChanged(Lorg/openide/util/datatransfer/ClipboardEvent;)V+12
j  org.openide.util.datatransfer.ExClipboard.fireClipboardChange()V+45
j  org.netbeans.NbClipboard.fireChange()V+32
j  org.netbeans.NbClipboard$GetContents.run()V+83
J 27031 c2 org.netbeans.modules.openide.util.GlobalLookup.execute(Lorg/openide/util/Lookup;Ljava/lang/Runnable;)Z (60 bytes) @ 0x0000000013c9a22c [0x0000000013c99f40+0x00000000000002ec]
J 37569 c2 org.openide.util.RequestProcessor$Processor.run()V (512 bytes) @ 0x00000000138132b8 [0x0000000013812f20+0x0000000000000398]
v  ~StubRoutines::call_stub

siginfo: EXCEPTION_ACCESS_VIOLATION (0xc0000005), reading address 0x0000000000000000


Register to memory mapping:

RIP=0x00007ff86ce3caa7 VCRUNTIME140.dll
RAX=0x00000000d6100010 is pointing into object: 0x00000000d6100000
[B 
{0x00000000d6100000} - klass: {type array byte}
 - length: 7215772
RBX=0x000000002b344b60 points into unknown readable memory
RCX=0x00000000006e1a9c is an unknown value
RDX=0xffffffff29effff0 is an unknown value
RSP=0x0000000031daee48 is pointing into the stack for thread: 0x000000002b0a0800
RBP=0x00000000006e1a9c is an unknown value
RSI=0x0 is NULL
RDI=0x00000000d6100010 is pointing into object: 0x00000000d6100000
[B 
{0x00000000d6100000} - klass: {type array byte}
 - length: 7215772
R8 =0x000000002b0a0800 is a thread
R9 =0x00000000d6100000 is an oop
[B 
{0x00000000d6100000} - klass: {type array byte}
 - length: 7215772
R10=0x0 is NULL
R11=0x000000002b0a0800 is a thread
R12=0x0 is NULL
R13=0x00000000c19af5c0 is an oop
[B 
{0x00000000c19af5c0} - klass: {type array byte}
 - length: 5
R14=0x0 is NULL
R15=0x0 is NULL


Registers:
RAX=0x00000000d6100010, RBX=0x000000002b344b60, RCX=0x00000000006e1a9c, RDX=0xffffffff29effff0
RSP=0x0000000031daee48, RBP=0x00000000006e1a9c, RSI=0x0000000000000000, RDI=0x00000000d6100010
R8 =0x000000002b0a0800, R9 =0x00000000d6100000, R10=0x0000000000000000, R11=0x000000002b0a0800
R12=0x0000000000000000, R13=0x00000000c19af5c0, R14=0x0000000000000000, R15=0x0000000000000000
RIP=0x00007ff86ce3caa7, EFLAGS=0x0000000000010203

Top of Stack: (sp=0x0000000031daee48)
0x0000000031daee48:   00007ff846506515 000000002b344b60
0x0000000031daee58:   00007ff846513616 000000002b0a0800
0x0000000031daee68:   0000000031daf8d0 0000000000000000
0x0000000031daee78:   00007ff87651d9ae 000000002b0a0800
0x0000000031daee88:   0000000000000000 0000000031daeec8
0x0000000031daee98:   0000000000000000 0000000000000008
0x0000000031daeea8:   0000000000000000 00000000006e1a9c
0x0000000031daeeb8:   00007ff84515b545 000000002b0a0b40
0x0000000031daeec8:   0000000031daef80 0000000043754040
0x0000000031daeed8:   000000002b344b60 0000000000000000
0x0000000031daeee8:   0000000037637832 00000000d2040460
0x0000000031daeef8:   fffffffffffffffe 000000002b0a0800
0x0000000031daef08:   0000000100044310 0000000000000000
0x0000000031daef18:   0000000013c18917 0000000000000008
0x0000000031daef28:   00000000c63dc600 0000000100013c38
0x0000000031daef38:   0000000043754040 00000000c1f63980 

Instructions: (pc=0x00007ff86ce3caa7)
0x00007ff86ce3ca87:   0f ba 25 91 57 00 00 01 0f 83 ab 01 00 00 49 8b
0x00007ff86ce3ca97:   c3 4c 8b df 48 8b f9 49 8b c8 4c 8b c6 49 8b f2
0x00007ff86ce3caa7:   f3 a4 49 8b f0 49 8b fb c3 0f 10 02 42 0f 10 4c
0x00007ff86ce3cab7:   02 f0 0f 11 01 42 0f 11 4c 01 f0 48 8b c1 c3 66 



---------------  P R O C E S S  ---------------

Threads class SMR info:
_java_thread_list=0x0000000023ea57c0, length=33, elements={
0x0000000002c76800, 0x000000001fef8000, 0x0000000020b92800, 0x000000001ff12800,
0x000000001ff13800, 0x000000001ff1c800, 0x000000001ff29000, 0x000000001ff2a000,
0x0000000020c46000, 0x0000000020e04000, 0x0000000022285800, 0x00000000225f3800,
0x00000000228b5800, 0x0000000027ad6000, 0x0000000022884800, 0x0000000022888000,
0x0000000027d9f000, 0x000000002b09e000, 0x000000002b09f000, 0x000000002b0a3000,
0x00000000284b7000, 0x00000000284b6000, 0x00000000284b7800, 0x00000000284b5000,
0x00000000284bb000, 0x00000000284b8800, 0x00000000284bb800, 0x000000002cb23800,
0x000000002b09d000, 0x000000002b0a0800, 0x000000002b0a2000, 0x000000002b0a1000,
0x000000002cb18800
}

Java Threads: ( => current thread )
  0x0000000002c76800 JavaThread "main" [_thread_blocked, id=4032, stack(0x0000000000040000,0x0000000000240000)]
  0x000000001fef8000 JavaThread "Reference Handler" daemon [_thread_blocked, id=7156, stack(0x0000000020950000,0x0000000020b50000)]
  0x0000000020b92800 JavaThread "Finalizer" daemon [_thread_blocked, id=1180, stack(0x0000000020f50000,0x0000000021150000)]
  0x000000001ff12800 JavaThread "Signal Dispatcher" daemon [_thread_blocked, id=7352, stack(0x00000000213c0000,0x00000000215c0000)]
  0x000000001ff13800 JavaThread "Attach Listener" daemon [_thread_blocked, id=8072, stack(0x00000000215c0000,0x00000000217c0000)]
  0x000000001ff1c800 JavaThread "C2 CompilerThread0" daemon [_thread_blocked, id=2740, stack(0x00000000217c0000,0x00000000219c0000)]
  0x000000001ff29000 JavaThread "C1 CompilerThread0" daemon [_thread_blocked, id=1244, stack(0x00000000219c0000,0x0000000021bc0000)]
  0x000000001ff2a000 JavaThread "Sweeper thread" daemon [_thread_blocked, id=8008, stack(0x0000000021bc0000,0x0000000021dc0000)]
  0x0000000020c46000 JavaThread "Common-Cleaner" daemon [_thread_blocked, id=6672, stack(0x0000000021dc0000,0x0000000021fc0000)]
  0x0000000020e04000 JavaThread "Service Thread" daemon [_thread_blocked, id=7372, stack(0x00000000229c0000,0x0000000022bc0000)]
  0x0000000022285800 JavaThread "Active Reference Queue Daemon" daemon [_thread_blocked, id=7452, stack(0x0000000022dc0000,0x0000000022fc0000)]
  0x00000000225f3800 JavaThread "CLI Requests Server" daemon [_thread_in_native, id=6072, stack(0x0000000026270000,0x0000000026470000)]
  0x00000000228b5800 JavaThread "RequestProcessor queue manager" daemon [_thread_blocked, id=5268, stack(0x0000000027870000,0x0000000027a70000)]
  0x0000000027ad6000 JavaThread "Java2D Disposer" daemon [_thread_blocked, id=2392, stack(0x0000000028e40000,0x0000000029040000)]
  0x0000000022884800 JavaThread "AWT-Shutdown" [_thread_blocked, id=6464, stack(0x0000000029040000,0x0000000029240000)]
  0x0000000022888000 JavaThread "AWT-Windows" daemon [_thread_in_native, id=6108, stack(0x0000000029240000,0x0000000029440000)]
  0x0000000027d9f000 JavaThread "AWT-EventQueue-0" [_thread_blocked, id=6588, stack(0x000000002a430000,0x000000002a630000)]
  0x000000002b09e000 JavaThread "Framework Active Thread" [_thread_blocked, id=816, stack(0x000000002cc10000,0x000000002ce10000)]
  0x000000002b09f000 JavaThread "State Data Manager" daemon [_thread_blocked, id=6736, stack(0x000000002ede0000,0x000000002efe0000)]
  0x000000002b0a3000 JavaThread "Editor Parsing Loop (incubator-netbeans-release-380-on-20181217)" daemon [_thread_blocked, id=6328, stack(0x000000002f5e0000,0x000000002f7e0000)]
  0x00000000284b7000 JavaThread "File Watcher" daemon [_thread_blocked, id=2068, stack(0x00000000323b0000,0x00000000325b0000)]
  0x00000000284b6000 JavaThread "W32 File Monitor" daemon [_thread_in_native, id=6224, stack(0x00000000327b0000,0x00000000329b0000)]
  0x00000000284b7800 JavaThread "Event Dispatch Thread" daemon [_thread_blocked, id=3524, stack(0x0000000033560000,0x0000000033760000)]
  0x00000000284b5000 JavaThread "Deadlock Detector" [_thread_blocked, id=7692, stack(0x0000000026070000,0x0000000026270000)]
  0x00000000284bb000 JavaThread "Framework Event Dispatcher" daemon [_thread_blocked, id=3844, stack(0x0000000032bb0000,0x0000000032db0000)]
  0x00000000284b8800 JavaThread "Worker-JM" [_thread_blocked, id=7760, stack(0x0000000033760000,0x0000000033960000)]
  0x00000000284bb800 JavaThread "TimerQueue" daemon [_thread_blocked, id=7044, stack(0x00000000340b0000,0x00000000342b0000)]
  0x000000002cb23800 JavaThread "Swing-Shell" daemon [_thread_blocked, id=3512, stack(0x000000003e550000,0x000000003e750000)]
  0x000000002b09d000 JavaThread "Inactive RequestProcessor thread [Was:JavaSourceTaskFactory/org.netbeans.api.java.source.JavaSourceTaskFactory$1]" daemon [_thread_blocked, id=168, stack(0x0000000025b70000,0x0000000025d70000)]
=>0x000000002b0a0800 JavaThread "System clipboard synchronizer" daemon [_thread_in_vm, id=5704, stack(0x0000000031bb0000,0x0000000031db0000)]
  0x000000002b0a2000 JavaThread "Inactive RequestProcessor thread [Was:JavaSourceTaskFactory/org.netbeans.api.java.source.JavaSourceTaskFactory$1]" daemon [_thread_blocked, id=9052, stack(0x0000000024740000,0x0000000024940000)]
  0x000000002b0a1000 JavaThread "Inactive RequestProcessor thread [Was:Bookmarks loader and saver/org.netbeans.modules.editor.bookmarks.EditorBookmarksModule$BookmarksInitializer]" daemon [_thread_blocked, id=2192, stack(0x000000002f3e0000,0x000000002f5e0000)]
  0x000000002cb18800 JavaThread "Inactive RequestProcessor thread [Was:Refresh Editor Context/org.netbeans.spi.debugger.ui.EditorContextDispatcher$EditorRegistryListener$1]" daemon [_thread_blocked, id=7188, stack(0x00000000233c0000,0x00000000235c0000)]

Other Threads:
  0x000000001fec5800 VMThread "VM Thread" [stack: 0x0000000020750000,0x0000000020950000] [id=7884]
  0x0000000020e04800 WatcherThread [stack: 0x0000000022bc0000,0x0000000022dc0000] [id=6164]
  0x0000000002c8f800 GCTaskThread "GC Thread#0" [stack: 0x0000000002610000,0x0000000002810000] [id=7648]
  0x00000000225b2800 GCTaskThread "GC Thread#1" [stack: 0x0000000026a70000,0x0000000026c70000] [id=4860]
  0x00000000227e3800 GCTaskThread "GC Thread#2" [stack: 0x0000000026c70000,0x0000000026e70000] [id=7032]
  0x00000000226ef000 GCTaskThread "GC Thread#3" [stack: 0x0000000026e70000,0x0000000027070000] [id=5932]
  0x0000000027ce0800 GCTaskThread "GC Thread#4" [stack: 0x0000000029c30000,0x0000000029e30000] [id=6304]
  0x00000000229bd800 GCTaskThread "GC Thread#5" [stack: 0x0000000029e30000,0x000000002a030000] [id=6556]
  0x000000002819a000 GCTaskThread "GC Thread#6" [stack: 0x000000002a630000,0x000000002a830000] [id=3716]
  0x0000000027f17000 GCTaskThread "GC Thread#7" [stack: 0x000000002a830000,0x000000002aa30000] [id=4676]
  0x0000000002cab000 ConcurrentGCThread "G1 Main Marker" [stack: 0x000000001cac0000,0x000000001ccc0000] [id=5292]
  0x0000000002cac000 ConcurrentGCThread "G1 Conc#0" [stack: 0x000000001ccc0000,0x000000001cec0000] [id=3760]
  0x0000000027be9000 ConcurrentGCThread "G1 Conc#1" [stack: 0x000000002a230000,0x000000002a430000] [id=7220]
  0x0000000002d01800 ConcurrentGCThread "G1 Refine#0" [stack: 0x000000001f750000,0x000000001f950000] [id=1928]
  0x00000000221c9800 ConcurrentGCThread "G1 Refine#1" [stack: 0x0000000027070000,0x0000000027270000] [id=3824]
  0x0000000022525800 ConcurrentGCThread "G1 Refine#2" [stack: 0x0000000027270000,0x0000000027470000] [id=6252]
  0x0000000022525000 ConcurrentGCThread "G1 Refine#3" [stack: 0x0000000027470000,0x0000000027670000] [id=3152]
  0x0000000022526000 ConcurrentGCThread "G1 Refine#4" [stack: 0x0000000027670000,0x0000000027870000] [id=7312]
  0x0000000002d02800 ConcurrentGCThread "G1 Young RemSet Sampling" [stack: 0x000000001f950000,0x000000001fb50000] [id=852]
  0x0000000002d0b000 ConcurrentGCThread "StrDedup" [stack: 0x000000001fb50000,0x000000001fd50000] [id=6492]

Threads with active compile tasks:

VM state:not at safepoint (normal execution)

VM Mutex/Monitor currently owned by a thread: None

Heap address: 0x00000000c0000000, size: 1024 MB, Compressed Oops mode: 32-bit
Narrow klass base: 0x0000000000000000, Narrow klass shift: 3
Compressed class space size: 1073741824 Address: 0x0000000100000000

Heap:
 garbage-first heap   total 368640K, used 334192K [0x00000000c0000000, 0x0000000100000000)
  region size 1024K, 68 young (69632K), 5 survivors (5120K)
 Metaspace       used 143577K, capacity 158561K, committed 158740K, reserved 1187840K
  class space    used 15884K, capacity 20328K, committed 20380K, reserved 1048576K
Heap Regions: E=young(eden), S=young(survivor), O=old, HS=humongous(starts), HC=humongous(continues), CS=collection set, F=free, A=archive, TAMS=top-at-mark-start (previous, next)
|   0|0x00000000c0000000, 0x00000000c0000000, 0x00000000c0100000|  0%| F|  |TAMS 0x00000000c0000000, 0x00000000c0000000| Untracked 
|   1|0x00000000c0100000, 0x00000000c0200000, 0x00000000c0200000|100%| O|  |TAMS 0x00000000c0200000, 0x00000000c0100000| Complete 
|   2|0x00000000c0200000, 0x00000000c0300000, 0x00000000c0300000|100%| O|  |TAMS 0x00000000c0300000, 0x00000000c0200000| Complete 
|   3|0x00000000c0300000, 0x00000000c0400000, 0x00000000c0400000|100%| O|  |TAMS 0x00000000c0400000, 0x00000000c0300000| Complete 
|   4|0x00000000c0400000, 0x00000000c0500000, 0x00000000c0500000|100%| O|  |TAMS 0x00000000c0500000, 0x00000000c0400000| Complete 
|   5|0x00000000c0500000, 0x00000000c0600000, 0x00000000c0600000|100%| O|  |TAMS 0x00000000c0600000, 0x00000000c0500000| Complete 
|   6|0x00000000c0600000, 0x00000000c0700000, 0x00000000c0700000|100%| O|  |TAMS 0x00000000c0700000, 0x00000000c0600000| Complete 
|   7|0x00000000c0700000, 0x00000000c0800000, 0x00000000c0800000|100%|HS|  |TAMS 0x00000000c0800000, 0x00000000c0700000| Complete 
|   8|0x00000000c0800000, 0x00000000c0900000, 0x00000000c0900000|100%|HC|  |TAMS 0x00000000c0900000, 0x00000000c0800000| Complete 
|   9|0x00000000c0900000, 0x00000000c0a00000, 0x00000000c0a00000|100%| O|  |TAMS 0x00000000c0a00000, 0x00000000c0900000| Complete 
|  10|0x00000000c0a00000, 0x00000000c0b00000, 0x00000000c0b00000|100%| O|  |TAMS 0x00000000c0b00000, 0x00000000c0a00000| Complete 
|  11|0x00000000c0b00000, 0x00000000c0c00000, 0x00000000c0c00000|100%| O|  |TAMS 0x00000000c0c00000, 0x00000000c0b00000| Complete 
|  12|0x00000000c0c00000, 0x00000000c0d00000, 0x00000000c0d00000|100%| O|  |TAMS 0x00000000c0d00000, 0x00000000c0c00000| Complete 
|  13|0x00000000c0d00000, 0x00000000c0e00000, 0x00000000c0e00000|100%| O|  |TAMS 0x00000000c0e00000, 0x00000000c0d00000| Complete 
|  14|0x00000000c0e00000, 0x00000000c0f00000, 0x00000000c0f00000|100%| O|  |TAMS 0x00000000c0f00000, 0x00000000c0e00000| Complete 
|  15|0x00000000c0f00000, 0x00000000c1000000, 0x00000000c1000000|100%| O|  |TAMS 0x00000000c1000000, 0x00000000c0f00000| Complete 
|  16|0x00000000c1000000, 0x00000000c1100000, 0x00000000c1100000|100%| O|  |TAMS 0x00000000c1100000, 0x00000000c1000000| Complete 
|  17|0x00000000c1100000, 0x00000000c1200000, 0x00000000c1200000|100%|HS|  |TAMS 0x00000000c1200000, 0x00000000c1100000| Complete 
|  18|0x00000000c1200000, 0x00000000c1300000, 0x00000000c1300000|100%|HC|  |TAMS 0x00000000c1300000, 0x00000000c1200000| Complete 
|  19|0x00000000c1300000, 0x00000000c1400000, 0x00000000c1400000|100%|HC|  |TAMS 0x00000000c1400000, 0x00000000c1300000| Complete 
|  20|0x00000000c1400000, 0x00000000c1500000, 0x00000000c1500000|100%|HC|  |TAMS 0x00000000c1500000, 0x00000000c1400000| Complete 
|  21|0x00000000c1500000, 0x00000000c1600000, 0x00000000c1600000|100%|HC|  |TAMS 0x00000000c1600000, 0x00000000c1500000| Complete 
|  22|0x00000000c1600000, 0x00000000c1700000, 0x00000000c1700000|100%| O|  |TAMS 0x00000000c1700000, 0x00000000c1600000| Complete 
|  23|0x00000000c1700000, 0x00000000c1800000, 0x00000000c1800000|100%| O|  |TAMS 0x00000000c1800000, 0x00000000c1700000| Complete 
|  24|0x00000000c1800000, 0x00000000c1900000, 0x00000000c1900000|100%| O|  |TAMS 0x00000000c1900000, 0x00000000c1800000| Complete 
|  25|0x00000000c1900000, 0x00000000c1a00000, 0x00000000c1a00000|100%| O|  |TAMS 0x00000000c1a00000, 0x00000000c1900000| Complete 
|  26|0x00000000c1a00000, 0x00000000c1a00000, 0x00000000c1b00000|  0%| F|  |TAMS 0x00000000c1a00000, 0x00000000c1a00000| Untracked 
|  27|0x00000000c1b00000, 0x00000000c1c00000, 0x00000000c1c00000|100%| O|  |TAMS 0x00000000c1c00000, 0x00000000c1b00000| Complete 
|  28|0x00000000c1c00000, 0x00000000c1c00000, 0x00000000c1d00000|  0%| F|  |TAMS 0x00000000c1c00000, 0x00000000c1c00000| Untracked 
|  29|0x00000000c1d00000, 0x00000000c1e00000, 0x00000000c1e00000|100%| O|  |TAMS 0x00000000c1e00000, 0x00000000c1d00000| Complete 
|  30|0x00000000c1e00000, 0x00000000c1f00000, 0x00000000c1f00000|100%| O|  |TAMS 0x00000000c1f00000, 0x00000000c1e00000| Complete 
|  31|0x00000000c1f00000, 0x00000000c2000000, 0x00000000c2000000|100%| O|  |TAMS 0x00000000c2000000, 0x00000000c1f00000| Complete 
|  32|0x00000000c2000000, 0x00000000c2100000, 0x00000000c2100000|100%| O|  |TAMS 0x00000000c2100000, 0x00000000c2000000| Complete 
|  33|0x00000000c2100000, 0x00000000c2200000, 0x00000000c2200000|100%| O|  |TAMS 0x00000000c2200000, 0x00000000c2100000| Untracked 
|  34|0x00000000c2200000, 0x00000000c2300000, 0x00000000c2300000|100%| O|  |TAMS 0x00000000c2300000, 0x00000000c2200000| Untracked 
|  35|0x00000000c2300000, 0x00000000c2400000, 0x00000000c2400000|100%| O|  |TAMS 0x00000000c2400000, 0x00000000c2300000| Complete 
|  36|0x00000000c2400000, 0x00000000c2500000, 0x00000000c2500000|100%| O|  |TAMS 0x00000000c2500000, 0x00000000c2400000| Complete 
|  37|0x00000000c2500000, 0x00000000c2600000, 0x00000000c2600000|100%| O|  |TAMS 0x00000000c2600000, 0x00000000c2500000| Complete 
|  38|0x00000000c2600000, 0x00000000c2700000, 0x00000000c2700000|100%| O|  |TAMS 0x00000000c2700000, 0x00000000c2600000| Complete 
|  39|0x00000000c2700000, 0x00000000c2800000, 0x00000000c2800000|100%| O|  |TAMS 0x00000000c2800000, 0x00000000c2700000| Untracked 
|  40|0x00000000c2800000, 0x00000000c2900000, 0x00000000c2900000|100%| O|  |TAMS 0x00000000c2900000, 0x00000000c2800000| Complete 
|  41|0x00000000c2900000, 0x00000000c2a00000, 0x00000000c2a00000|100%| O|  |TAMS 0x00000000c2a00000, 0x00000000c2900000| Complete 
|  42|0x00000000c2a00000, 0x00000000c2b00000, 0x00000000c2b00000|100%| O|  |TAMS 0x00000000c2b00000, 0x00000000c2a00000| Untracked 
|  43|0x00000000c2b00000, 0x00000000c2c00000, 0x00000000c2c00000|100%| O|  |TAMS 0x00000000c2c00000, 0x00000000c2b00000| Untracked 
|  44|0x00000000c2c00000, 0x00000000c2d00000, 0x00000000c2d00000|100%| O|  |TAMS 0x00000000c2d00000, 0x00000000c2c00000| Untracked 
|  45|0x00000000c2d00000, 0x00000000c2e00000, 0x00000000c2e00000|100%| O|  |TAMS 0x00000000c2e00000, 0x00000000c2d00000| Complete 
|  46|0x00000000c2e00000, 0x00000000c2f00000, 0x00000000c2f00000|100%| O|  |TAMS 0x00000000c2f00000, 0x00000000c2e00000| Untracked 
|  47|0x00000000c2f00000, 0x00000000c3000000, 0x00000000c3000000|100%| O|  |TAMS 0x00000000c3000000, 0x00000000c2f00000| Untracked 
|  48|0x00000000c3000000, 0x00000000c3100000, 0x00000000c3100000|100%| O|  |TAMS 0x00000000c3100000, 0x00000000c3000000| Complete 
|  49|0x00000000c3100000, 0x00000000c3200000, 0x00000000c3200000|100%| O|  |TAMS 0x00000000c3200000, 0x00000000c3100000| Untracked 
|  50|0x00000000c3200000, 0x00000000c3300000, 0x00000000c3300000|100%| O|  |TAMS 0x00000000c3300000, 0x00000000c3200000| Untracked 
|  51|0x00000000c3300000, 0x00000000c3400000, 0x00000000c3400000|100%| O|  |TAMS 0x00000000c3400000, 0x00000000c3300000| Complete 
|  52|0x00000000c3400000, 0x00000000c3500000, 0x00000000c3500000|100%| O|  |TAMS 0x00000000c3500000, 0x00000000c3400000| Untracked 
|  53|0x00000000c3500000, 0x00000000c3600000, 0x00000000c3600000|100%| O|  |TAMS 0x00000000c3600000, 0x00000000c3500000| Complete 
|  54|0x00000000c3600000, 0x00000000c3700000, 0x00000000c3700000|100%|HS|  |TAMS 0x00000000c3700000, 0x00000000c3600000| Complete 
|  55|0x00000000c3700000, 0x00000000c3800000, 0x00000000c3800000|100%|HC|  |TAMS 0x00000000c3800000, 0x00000000c3700000| Complete 
|  56|0x00000000c3800000, 0x00000000c3900000, 0x00000000c3900000|100%|HC|  |TAMS 0x00000000c3900000, 0x00000000c3800000| Complete 
|  57|0x00000000c3900000, 0x00000000c3a00000, 0x00000000c3a00000|100%|HC|  |TAMS 0x00000000c3a00000, 0x00000000c3900000| Complete 
|  58|0x00000000c3a00000, 0x00000000c3b00000, 0x00000000c3b00000|100%|HC|  |TAMS 0x00000000c3b00000, 0x00000000c3a00000| Complete 
|  59|0x00000000c3b00000, 0x00000000c3c00000, 0x00000000c3c00000|100%|HC|  |TAMS 0x00000000c3c00000, 0x00000000c3b00000| Complete 
|  60|0x00000000c3c00000, 0x00000000c3d00000, 0x00000000c3d00000|100%|HC|  |TAMS 0x00000000c3d00000, 0x00000000c3c00000| Complete 
|  61|0x00000000c3d00000, 0x00000000c3e00000, 0x00000000c3e00000|100%|HC|  |TAMS 0x00000000c3e00000, 0x00000000c3d00000| Complete 
|  62|0x00000000c3e00000, 0x00000000c3f00000, 0x00000000c3f00000|100%| O|  |TAMS 0x00000000c3f00000, 0x00000000c3e00000| Untracked 
|  63|0x00000000c3f00000, 0x00000000c4000000, 0x00000000c4000000|100%| O|  |TAMS 0x00000000c4000000, 0x00000000c3f00000| Complete 
|  64|0x00000000c4000000, 0x00000000c4100000, 0x00000000c4100000|100%| O|  |TAMS 0x00000000c4100000, 0x00000000c4000000| Untracked 
|  65|0x00000000c4100000, 0x00000000c4100000, 0x00000000c4200000|  0%| F|  |TAMS 0x00000000c4100000, 0x00000000c4100000| Untracked 
|  66|0x00000000c4200000, 0x00000000c4300000, 0x00000000c4300000|100%| O|  |TAMS 0x00000000c4300000, 0x00000000c4200000| Untracked 
|  67|0x00000000c4300000, 0x00000000c4400000, 0x00000000c4400000|100%| O|  |TAMS 0x00000000c4400000, 0x00000000c4300000| Untracked 
|  68|0x00000000c4400000, 0x00000000c4500000, 0x00000000c4500000|100%| O|  |TAMS 0x00000000c4500000, 0x00000000c4400000| Complete 
|  69|0x00000000c4500000, 0x00000000c4600000, 0x00000000c4600000|100%| O|  |TAMS 0x00000000c4600000, 0x00000000c4500000| Untracked 
|  70|0x00000000c4600000, 0x00000000c4700000, 0x00000000c4700000|100%| O|  |TAMS 0x00000000c4700000, 0x00000000c4600000| Untracked 
|  71|0x00000000c4700000, 0x00000000c4800000, 0x00000000c4800000|100%| O|  |TAMS 0x00000000c4800000, 0x00000000c4700000| Untracked 
|  72|0x00000000c4800000, 0x00000000c4900000, 0x00000000c4900000|100%| O|  |TAMS 0x00000000c4900000, 0x00000000c4800000| Untracked 
|  73|0x00000000c4900000, 0x00000000c4a00000, 0x00000000c4a00000|100%| O|  |TAMS 0x00000000c4a00000, 0x00000000c4900000| Complete 
|  74|0x00000000c4a00000, 0x00000000c4b00000, 0x00000000c4b00000|100%| O|  |TAMS 0x00000000c4b00000, 0x00000000c4a00000| Untracked 
|  75|0x00000000c4b00000, 0x00000000c4c00000, 0x00000000c4c00000|100%| O|  |TAMS 0x00000000c4c00000, 0x00000000c4b00000| Complete 
|  76|0x00000000c4c00000, 0x00000000c4d00000, 0x00000000c4d00000|100%| O|  |TAMS 0x00000000c4d00000, 0x00000000c4c00000| Complete 
|  77|0x00000000c4d00000, 0x00000000c4e00000, 0x00000000c4e00000|100%| O|  |TAMS 0x00000000c4e00000, 0x00000000c4d00000| Untracked 
|  78|0x00000000c4e00000, 0x00000000c4f00000, 0x00000000c4f00000|100%| O|  |TAMS 0x00000000c4f00000, 0x00000000c4e00000| Complete 
|  79|0x00000000c4f00000, 0x00000000c4f00000, 0x00000000c5000000|  0%| F|  |TAMS 0x00000000c4f00000, 0x00000000c4f00000| Untracked 
|  80|0x00000000c5000000, 0x00000000c5100000, 0x00000000c5100000|100%| O|  |TAMS 0x00000000c5100000, 0x00000000c5000000| Untracked 
|  81|0x00000000c5100000, 0x00000000c5100000, 0x00000000c5200000|  0%| F|  |TAMS 0x00000000c5100000, 0x00000000c5100000| Untracked 
|  82|0x00000000c5200000, 0x00000000c5300000, 0x00000000c5300000|100%| O|  |TAMS 0x00000000c5300000, 0x00000000c5200000| Untracked 
|  83|0x00000000c5300000, 0x00000000c5400000, 0x00000000c5400000|100%| O|  |TAMS 0x00000000c5400000, 0x00000000c5300000| Complete 
|  84|0x00000000c5400000, 0x00000000c5500000, 0x00000000c5500000|100%| O|  |TAMS 0x00000000c5500000, 0x00000000c5400000| Complete 
|  85|0x00000000c5500000, 0x00000000c5600000, 0x00000000c5600000|100%| O|  |TAMS 0x00000000c5600000, 0x00000000c5500000| Complete 
|  86|0x00000000c5600000, 0x00000000c5700000, 0x00000000c5700000|100%| O|  |TAMS 0x00000000c5700000, 0x00000000c5600000| Complete 
|  87|0x00000000c5700000, 0x00000000c5800000, 0x00000000c5800000|100%| O|  |TAMS 0x00000000c5800000, 0x00000000c5700000| Untracked 
|  88|0x00000000c5800000, 0x00000000c5800000, 0x00000000c5900000|  0%| F|  |TAMS 0x00000000c5800000, 0x00000000c5800000| Untracked 
|  89|0x00000000c5900000, 0x00000000c5a00000, 0x00000000c5a00000|100%| O|  |TAMS 0x00000000c5a00000, 0x00000000c5900000| Untracked 
|  90|0x00000000c5a00000, 0x00000000c5b00000, 0x00000000c5b00000|100%| O|  |TAMS 0x00000000c5b00000, 0x00000000c5a00000| Complete 
|  91|0x00000000c5b00000, 0x00000000c5c00000, 0x00000000c5c00000|100%| O|  |TAMS 0x00000000c5c00000, 0x00000000c5b00000| Untracked 
|  92|0x00000000c5c00000, 0x00000000c5d00000, 0x00000000c5d00000|100%| O|  |TAMS 0x00000000c5d00000, 0x00000000c5c00000| Complete 
|  93|0x00000000c5d00000, 0x00000000c5e00000, 0x00000000c5e00000|100%| O|  |TAMS 0x00000000c5e00000, 0x00000000c5d00000| Untracked 
|  94|0x00000000c5e00000, 0x00000000c5e00000, 0x00000000c5f00000|  0%| F|  |TAMS 0x00000000c5e00000, 0x00000000c5e00000| Untracked 
|  95|0x00000000c5f00000, 0x00000000c6000000, 0x00000000c6000000|100%| O|  |TAMS 0x00000000c6000000, 0x00000000c5f00000| Complete 
|  96|0x00000000c6000000, 0x00000000c6100000, 0x00000000c6100000|100%| O|  |TAMS 0x00000000c6100000, 0x00000000c6000000| Complete 
|  97|0x00000000c6100000, 0x00000000c6200000, 0x00000000c6200000|100%| O|  |TAMS 0x00000000c6200000, 0x00000000c6100000| Complete 
|  98|0x00000000c6200000, 0x00000000c6300000, 0x00000000c6300000|100%| O|  |TAMS 0x00000000c6300000, 0x00000000c6200000| Complete 
|  99|0x00000000c6300000, 0x00000000c6400000, 0x00000000c6400000|100%| O|  |TAMS 0x00000000c6400000, 0x00000000c6300000| Untracked 
| 100|0x00000000c6400000, 0x00000000c6500000, 0x00000000c6500000|100%| O|  |TAMS 0x00000000c6500000, 0x00000000c6400000| Untracked 
| 101|0x00000000c6500000, 0x00000000c6500000, 0x00000000c6600000|  0%| F|  |TAMS 0x00000000c6500000, 0x00000000c6500000| Untracked 
| 102|0x00000000c6600000, 0x00000000c6700000, 0x00000000c6700000|100%| O|  |TAMS 0x00000000c6700000, 0x00000000c6600000| Complete 
| 103|0x00000000c6700000, 0x00000000c6700000, 0x00000000c6800000|  0%| F|  |TAMS 0x00000000c6700000, 0x00000000c6700000| Untracked 
| 104|0x00000000c6800000, 0x00000000c6800000, 0x00000000c6900000|  0%| F|  |TAMS 0x00000000c6800000, 0x00000000c6800000| Untracked 
| 105|0x00000000c6900000, 0x00000000c6a00000, 0x00000000c6a00000|100%| O|  |TAMS 0x00000000c6a00000, 0x00000000c6900000| Complete 
| 106|0x00000000c6a00000, 0x00000000c6b00000, 0x00000000c6b00000|100%| O|  |TAMS 0x00000000c6b00000, 0x00000000c6a00000| Complete 
| 107|0x00000000c6b00000, 0x00000000c6c00000, 0x00000000c6c00000|100%| O|  |TAMS 0x00000000c6c00000, 0x00000000c6b00000| Untracked 
| 108|0x00000000c6c00000, 0x00000000c6d00000, 0x00000000c6d00000|100%| O|  |TAMS 0x00000000c6d00000, 0x00000000c6c00000| Complete 
| 109|0x00000000c6d00000, 0x00000000c6e00000, 0x00000000c6e00000|100%| O|  |TAMS 0x00000000c6e00000, 0x00000000c6d00000| Untracked 
| 110|0x00000000c6e00000, 0x00000000c6f00000, 0x00000000c6f00000|100%| O|  |TAMS 0x00000000c6f00000, 0x00000000c6e00000| Untracked 
| 111|0x00000000c6f00000, 0x00000000c7000000, 0x00000000c7000000|100%| O|  |TAMS 0x00000000c7000000, 0x00000000c6f00000| Untracked 
| 112|0x00000000c7000000, 0x00000000c7100000, 0x00000000c7100000|100%| O|  |TAMS 0x00000000c7100000, 0x00000000c7000000| Untracked 
| 113|0x00000000c7100000, 0x00000000c7200000, 0x00000000c7200000|100%| O|  |TAMS 0x00000000c7200000, 0x00000000c7100000| Complete 
| 114|0x00000000c7200000, 0x00000000c7300000, 0x00000000c7300000|100%| O|  |TAMS 0x00000000c7300000, 0x00000000c7200000| Untracked 
| 115|0x00000000c7300000, 0x00000000c7400000, 0x00000000c7400000|100%| O|  |TAMS 0x00000000c7400000, 0x00000000c7300000| Untracked 
| 116|0x00000000c7400000, 0x00000000c7500000, 0x00000000c7500000|100%| O|  |TAMS 0x00000000c7500000, 0x00000000c7400000| Untracked 
| 117|0x00000000c7500000, 0x00000000c7600000, 0x00000000c7600000|100%| O|  |TAMS 0x00000000c7600000, 0x00000000c7500000| Complete 
| 118|0x00000000c7600000, 0x00000000c7700000, 0x00000000c7700000|100%| O|  |TAMS 0x00000000c7700000, 0x00000000c7600000| Complete 
| 119|0x00000000c7700000, 0x00000000c7800000, 0x00000000c7800000|100%| O|  |TAMS 0x00000000c7800000, 0x00000000c7700000| Untracked 
| 120|0x00000000c7800000, 0x00000000c7900000, 0x00000000c7900000|100%| O|  |TAMS 0x00000000c7900000, 0x00000000c7800000| Untracked 
| 121|0x00000000c7900000, 0x00000000c7a00000, 0x00000000c7a00000|100%| O|  |TAMS 0x00000000c7a00000, 0x00000000c7900000| Untracked 
| 122|0x00000000c7a00000, 0x00000000c7b00000, 0x00000000c7b00000|100%| O|  |TAMS 0x00000000c7b00000, 0x00000000c7a00000| Untracked 
| 123|0x00000000c7b00000, 0x00000000c7c00000, 0x00000000c7c00000|100%| O|  |TAMS 0x00000000c7c00000, 0x00000000c7b00000| Untracked 
| 124|0x00000000c7c00000, 0x00000000c7d00000, 0x00000000c7d00000|100%| O|  |TAMS 0x00000000c7d00000, 0x00000000c7c00000| Complete 
| 125|0x00000000c7d00000, 0x00000000c7e00000, 0x00000000c7e00000|100%| O|  |TAMS 0x00000000c7e00000, 0x00000000c7d00000| Complete 
| 126|0x00000000c7e00000, 0x00000000c7f00000, 0x00000000c7f00000|100%| O|  |TAMS 0x00000000c7f00000, 0x00000000c7e00000| Untracked 
| 127|0x00000000c7f00000, 0x00000000c8000000, 0x00000000c8000000|100%| O|  |TAMS 0x00000000c8000000, 0x00000000c7f00000| Complete 
| 128|0x00000000c8000000, 0x00000000c8100000, 0x00000000c8100000|100%| O|  |TAMS 0x00000000c8100000, 0x00000000c8000000| Untracked 
| 129|0x00000000c8100000, 0x00000000c8200000, 0x00000000c8200000|100%| O|  |TAMS 0x00000000c8200000, 0x00000000c8100000| Complete 
| 130|0x00000000c8200000, 0x00000000c8300000, 0x00000000c8300000|100%| O|  |TAMS 0x00000000c8300000, 0x00000000c8200000| Untracked 
| 131|0x00000000c8300000, 0x00000000c8400000, 0x00000000c8400000|100%| O|  |TAMS 0x00000000c8400000, 0x00000000c8300000| Untracked 
| 132|0x00000000c8400000, 0x00000000c8500000, 0x00000000c8500000|100%| O|  |TAMS 0x00000000c8500000, 0x00000000c8400000| Untracked 
| 133|0x00000000c8500000, 0x00000000c8600000, 0x00000000c8600000|100%| O|  |TAMS 0x00000000c8600000, 0x00000000c8500000| Complete 
| 134|0x00000000c8600000, 0x00000000c8700000, 0x00000000c8700000|100%| O|  |TAMS 0x00000000c8700000, 0x00000000c8600000| Untracked 
| 135|0x00000000c8700000, 0x00000000c8800000, 0x00000000c8800000|100%| O|  |TAMS 0x00000000c8800000, 0x00000000c8700000| Complete 
| 136|0x00000000c8800000, 0x00000000c8900000, 0x00000000c8900000|100%| O|  |TAMS 0x00000000c8900000, 0x00000000c8800000| Untracked 
| 137|0x00000000c8900000, 0x00000000c8a00000, 0x00000000c8a00000|100%| O|  |TAMS 0x00000000c8a00000, 0x00000000c8900000| Untracked 
| 138|0x00000000c8a00000, 0x00000000c8a00000, 0x00000000c8b00000|  0%| F|  |TAMS 0x00000000c8a00000, 0x00000000c8a00000| Untracked 
| 139|0x00000000c8b00000, 0x00000000c8c00000, 0x00000000c8c00000|100%| O|  |TAMS 0x00000000c8c00000, 0x00000000c8b00000| Untracked 
| 140|0x00000000c8c00000, 0x00000000c8d00000, 0x00000000c8d00000|100%| O|  |TAMS 0x00000000c8d00000, 0x00000000c8c00000| Complete 
| 141|0x00000000c8d00000, 0x00000000c8e00000, 0x00000000c8e00000|100%| O|  |TAMS 0x00000000c8e00000, 0x00000000c8d00000| Untracked 
| 142|0x00000000c8e00000, 0x00000000c8f00000, 0x00000000c8f00000|100%| O|  |TAMS 0x00000000c8f00000, 0x00000000c8e00000| Untracked 
| 143|0x00000000c8f00000, 0x00000000c9000000, 0x00000000c9000000|100%| O|  |TAMS 0x00000000c9000000, 0x00000000c8f00000| Untracked 
| 144|0x00000000c9000000, 0x00000000c9000000, 0x00000000c9100000|  0%| F|  |TAMS 0x00000000c9000000, 0x00000000c9000000| Untracked 
| 145|0x00000000c9100000, 0x00000000c9200000, 0x00000000c9200000|100%| O|  |TAMS 0x00000000c9200000, 0x00000000c9100000| Complete 
| 146|0x00000000c9200000, 0x00000000c9300000, 0x00000000c9300000|100%| O|  |TAMS 0x00000000c9300000, 0x00000000c9200000| Untracked 
| 147|0x00000000c9300000, 0x00000000c9400000, 0x00000000c9400000|100%| O|  |TAMS 0x00000000c9400000, 0x00000000c9300000| Complete 
| 148|0x00000000c9400000, 0x00000000c9500000, 0x00000000c9500000|100%| O|  |TAMS 0x00000000c9500000, 0x00000000c9400000| Untracked 
| 149|0x00000000c9500000, 0x00000000c9600000, 0x00000000c9600000|100%| O|  |TAMS 0x00000000c9600000, 0x00000000c9500000| Untracked 
| 150|0x00000000c9600000, 0x00000000c9700000, 0x00000000c9700000|100%| O|  |TAMS 0x00000000c9700000, 0x00000000c9600000| Untracked 
| 151|0x00000000c9700000, 0x00000000c9800000, 0x00000000c9800000|100%| O|  |TAMS 0x00000000c9800000, 0x00000000c9700000| Untracked 
| 152|0x00000000c9800000, 0x00000000c9900000, 0x00000000c9900000|100%| O|  |TAMS 0x00000000c9900000, 0x00000000c9800000| Untracked 
| 153|0x00000000c9900000, 0x00000000c9a00000, 0x00000000c9a00000|100%| O|  |TAMS 0x00000000c9a00000, 0x00000000c9900000| Untracked 
| 154|0x00000000c9a00000, 0x00000000c9b00000, 0x00000000c9b00000|100%| O|  |TAMS 0x00000000c9b00000, 0x00000000c9a00000| Untracked 
| 155|0x00000000c9b00000, 0x00000000c9c00000, 0x00000000c9c00000|100%| O|  |TAMS 0x00000000c9c00000, 0x00000000c9b00000| Untracked 
| 156|0x00000000c9c00000, 0x00000000c9d00000, 0x00000000c9d00000|100%| O|  |TAMS 0x00000000c9d00000, 0x00000000c9c00000| Untracked 
| 157|0x00000000c9d00000, 0x00000000c9e00000, 0x00000000c9e00000|100%| O|  |TAMS 0x00000000c9e00000, 0x00000000c9d00000| Untracked 
| 158|0x00000000c9e00000, 0x00000000c9f00000, 0x00000000c9f00000|100%| O|  |TAMS 0x00000000c9f00000, 0x00000000c9e00000| Untracked 
| 159|0x00000000c9f00000, 0x00000000ca000000, 0x00000000ca000000|100%| O|  |TAMS 0x00000000ca000000, 0x00000000c9f00000| Untracked 
| 160|0x00000000ca000000, 0x00000000ca100000, 0x00000000ca100000|100%| O|  |TAMS 0x00000000ca100000, 0x00000000ca000000| Untracked 
| 161|0x00000000ca100000, 0x00000000ca200000, 0x00000000ca200000|100%| O|  |TAMS 0x00000000ca200000, 0x00000000ca100000| Untracked 
| 162|0x00000000ca200000, 0x00000000ca300000, 0x00000000ca300000|100%| O|  |TAMS 0x00000000ca300000, 0x00000000ca200000| Complete 
| 163|0x00000000ca300000, 0x00000000ca400000, 0x00000000ca400000|100%| O|  |TAMS 0x00000000ca400000, 0x00000000ca300000| Untracked 
| 164|0x00000000ca400000, 0x00000000ca500000, 0x00000000ca500000|100%| O|  |TAMS 0x00000000ca500000, 0x00000000ca400000| Untracked 
| 165|0x00000000ca500000, 0x00000000ca500000, 0x00000000ca600000|  0%| F|  |TAMS 0x00000000ca500000, 0x00000000ca500000| Untracked 
| 166|0x00000000ca600000, 0x00000000ca600000, 0x00000000ca700000|  0%| F|  |TAMS 0x00000000ca600000, 0x00000000ca600000| Untracked 
| 167|0x00000000ca700000, 0x00000000ca800000, 0x00000000ca800000|100%| O|  |TAMS 0x00000000ca800000, 0x00000000ca700000| Untracked 
| 168|0x00000000ca800000, 0x00000000ca900000, 0x00000000ca900000|100%| O|  |TAMS 0x00000000ca900000, 0x00000000ca800000| Untracked 
| 169|0x00000000ca900000, 0x00000000caa00000, 0x00000000caa00000|100%| O|  |TAMS 0x00000000caa00000, 0x00000000ca900000| Untracked 
| 170|0x00000000caa00000, 0x00000000cab00000, 0x00000000cab00000|100%| O|  |TAMS 0x00000000cab00000, 0x00000000caa00000| Untracked 
| 171|0x00000000cab00000, 0x00000000cac00000, 0x00000000cac00000|100%| O|  |TAMS 0x00000000cac00000, 0x00000000cab00000| Complete 
| 172|0x00000000cac00000, 0x00000000cad00000, 0x00000000cad00000|100%| O|  |TAMS 0x00000000cad00000, 0x00000000cac00000| Complete 
| 173|0x00000000cad00000, 0x00000000cad00000, 0x00000000cae00000|  0%| F|  |TAMS 0x00000000cad00000, 0x00000000cad00000| Untracked 
| 174|0x00000000cae00000, 0x00000000caf00000, 0x00000000caf00000|100%| O|  |TAMS 0x00000000caf00000, 0x00000000cae00000| Complete 
| 175|0x00000000caf00000, 0x00000000cb000000, 0x00000000cb000000|100%| O|  |TAMS 0x00000000cb000000, 0x00000000caf00000| Untracked 
| 176|0x00000000cb000000, 0x00000000cb000000, 0x00000000cb100000|  0%| F|  |TAMS 0x00000000cb000000, 0x00000000cb000000| Untracked 
| 177|0x00000000cb100000, 0x00000000cb200000, 0x00000000cb200000|100%| O|  |TAMS 0x00000000cb200000, 0x00000000cb100000| Untracked 
| 178|0x00000000cb200000, 0x00000000cb300000, 0x00000000cb300000|100%| O|  |TAMS 0x00000000cb300000, 0x00000000cb200000| Untracked 
| 179|0x00000000cb300000, 0x00000000cb300000, 0x00000000cb400000|  0%| F|  |TAMS 0x00000000cb300000, 0x00000000cb300000| Untracked 
| 180|0x00000000cb400000, 0x00000000cb500000, 0x00000000cb500000|100%| O|  |TAMS 0x00000000cb500000, 0x00000000cb400000| Complete 
| 181|0x00000000cb500000, 0x00000000cb600000, 0x00000000cb600000|100%| O|  |TAMS 0x00000000cb600000, 0x00000000cb500000| Untracked 
| 182|0x00000000cb600000, 0x00000000cb600000, 0x00000000cb700000|  0%| F|  |TAMS 0x00000000cb600000, 0x00000000cb600000| Untracked 
| 183|0x00000000cb700000, 0x00000000cb800000, 0x00000000cb800000|100%| O|  |TAMS 0x00000000cb800000, 0x00000000cb700000| Untracked 
| 184|0x00000000cb800000, 0x00000000cb900000, 0x00000000cb900000|100%| O|  |TAMS 0x00000000cb900000, 0x00000000cb800000| Untracked 
| 185|0x00000000cb900000, 0x00000000cba00000, 0x00000000cba00000|100%| O|  |TAMS 0x00000000cba00000, 0x00000000cb900000| Untracked 
| 186|0x00000000cba00000, 0x00000000cbb00000, 0x00000000cbb00000|100%| O|  |TAMS 0x00000000cbb00000, 0x00000000cba00000| Untracked 
| 187|0x00000000cbb00000, 0x00000000cbc00000, 0x00000000cbc00000|100%| O|  |TAMS 0x00000000cbc00000, 0x00000000cbb00000| Untracked 
| 188|0x00000000cbc00000, 0x00000000cbd00000, 0x00000000cbd00000|100%| O|  |TAMS 0x00000000cbd00000, 0x00000000cbc00000| Untracked 
| 189|0x00000000cbd00000, 0x00000000cbd00000, 0x00000000cbe00000|  0%| F|  |TAMS 0x00000000cbd00000, 0x00000000cbd00000| Untracked 
| 190|0x00000000cbe00000, 0x00000000cbf00000, 0x00000000cbf00000|100%| O|  |TAMS 0x00000000cbf00000, 0x00000000cbe00000| Untracked 
| 191|0x00000000cbf00000, 0x00000000cc000000, 0x00000000cc000000|100%| O|  |TAMS 0x00000000cc000000, 0x00000000cbf00000| Untracked 
| 192|0x00000000cc000000, 0x00000000cc100000, 0x00000000cc100000|100%| O|  |TAMS 0x00000000cc100000, 0x00000000cc000000| Untracked 
| 193|0x00000000cc100000, 0x00000000cc200000, 0x00000000cc200000|100%| O|  |TAMS 0x00000000cc200000, 0x00000000cc100000| Untracked 
| 194|0x00000000cc200000, 0x00000000cc300000, 0x00000000cc300000|100%| O|  |TAMS 0x00000000cc300000, 0x00000000cc200000| Complete 
| 195|0x00000000cc300000, 0x00000000cc400000, 0x00000000cc400000|100%| O|  |TAMS 0x00000000cc400000, 0x00000000cc300000| Complete 
| 196|0x00000000cc400000, 0x00000000cc500000, 0x00000000cc500000|100%| O|  |TAMS 0x00000000cc500000, 0x00000000cc400000| Complete 
| 197|0x00000000cc500000, 0x00000000cc600000, 0x00000000cc600000|100%| O|  |TAMS 0x00000000cc600000, 0x00000000cc500000| Untracked 
| 198|0x00000000cc600000, 0x00000000cc700000, 0x00000000cc700000|100%| O|  |TAMS 0x00000000cc700000, 0x00000000cc600000| Untracked 
| 199|0x00000000cc700000, 0x00000000cc800000, 0x00000000cc800000|100%| O|  |TAMS 0x00000000cc800000, 0x00000000cc700000| Untracked 
| 200|0x00000000cc800000, 0x00000000cc800000, 0x00000000cc900000|  0%| F|  |TAMS 0x00000000cc800000, 0x00000000cc800000| Untracked 
| 201|0x00000000cc900000, 0x00000000cca00000, 0x00000000cca00000|100%| O|  |TAMS 0x00000000cca00000, 0x00000000cc900000| Untracked 
| 202|0x00000000cca00000, 0x00000000ccb00000, 0x00000000ccb00000|100%| O|  |TAMS 0x00000000ccb00000, 0x00000000cca00000| Untracked 
| 203|0x00000000ccb00000, 0x00000000ccc00000, 0x00000000ccc00000|100%| O|  |TAMS 0x00000000ccc00000, 0x00000000ccb00000| Complete 
| 204|0x00000000ccc00000, 0x00000000ccd00000, 0x00000000ccd00000|100%| O|  |TAMS 0x00000000ccd00000, 0x00000000ccc00000| Untracked 
| 205|0x00000000ccd00000, 0x00000000ccd0a000, 0x00000000cce00000|  3%| O|  |TAMS 0x00000000ccd0a000, 0x00000000ccd00000| Untracked 
| 206|0x00000000cce00000, 0x00000000ccf00000, 0x00000000ccf00000|100%| O|  |TAMS 0x00000000ccf00000, 0x00000000cce00000| Untracked 
| 207|0x00000000ccf00000, 0x00000000ccf00000, 0x00000000cd000000|  0%| F|  |TAMS 0x00000000ccf00000, 0x00000000ccf00000| Untracked 
| 208|0x00000000cd000000, 0x00000000cd000000, 0x00000000cd100000|  0%| F|  |TAMS 0x00000000cd000000, 0x00000000cd000000| Untracked 
| 209|0x00000000cd100000, 0x00000000cd200000, 0x00000000cd200000|100%| O|  |TAMS 0x00000000cd200000, 0x00000000cd100000| Complete 
| 210|0x00000000cd200000, 0x00000000cd300000, 0x00000000cd300000|100%|HS|  |TAMS 0x00000000cd200000, 0x00000000cd200000| Complete 
| 211|0x00000000cd300000, 0x00000000cd400000, 0x00000000cd400000|100%|HC|  |TAMS 0x00000000cd300000, 0x00000000cd300000| Complete 
| 212|0x00000000cd400000, 0x00000000cd500000, 0x00000000cd500000|100%|HC|  |TAMS 0x00000000cd400000, 0x00000000cd400000| Complete 
| 213|0x00000000cd500000, 0x00000000cd600000, 0x00000000cd600000|100%|HC|  |TAMS 0x00000000cd500000, 0x00000000cd500000| Complete 
| 214|0x00000000cd600000, 0x00000000cd700000, 0x00000000cd700000|100%|HC|  |TAMS 0x00000000cd600000, 0x00000000cd600000| Complete 
| 215|0x00000000cd700000, 0x00000000cd800000, 0x00000000cd800000|100%|HC|  |TAMS 0x00000000cd700000, 0x00000000cd700000| Complete 
| 216|0x00000000cd800000, 0x00000000cd900000, 0x00000000cd900000|100%|HC|  |TAMS 0x00000000cd800000, 0x00000000cd800000| Complete 
| 217|0x00000000cd900000, 0x00000000cd900000, 0x00000000cda00000|  0%| F|  |TAMS 0x00000000cd900000, 0x00000000cd900000| Untracked 
| 218|0x00000000cda00000, 0x00000000cda00000, 0x00000000cdb00000|  0%| F|  |TAMS 0x00000000cda00000, 0x00000000cda00000| Untracked 
| 219|0x00000000cdb00000, 0x00000000cdb00000, 0x00000000cdc00000|  0%| F|  |TAMS 0x00000000cdb00000, 0x00000000cdb00000| Untracked 
| 220|0x00000000cdc00000, 0x00000000cdc00000, 0x00000000cdd00000|  0%| F|  |TAMS 0x00000000cdc00000, 0x00000000cdc00000| Untracked 
| 221|0x00000000cdd00000, 0x00000000cdd00000, 0x00000000cde00000|  0%| F|  |TAMS 0x00000000cdd00000, 0x00000000cdd00000| Untracked 
| 222|0x00000000cde00000, 0x00000000cdf00000, 0x00000000cdf00000|100%| O|  |TAMS 0x00000000cdf00000, 0x00000000cde00000| Untracked 
| 223|0x00000000cdf00000, 0x00000000ce000000, 0x00000000ce000000|100%| O|  |TAMS 0x00000000ce000000, 0x00000000cdf00000| Untracked 
| 224|0x00000000ce000000, 0x00000000ce100000, 0x00000000ce100000|100%| O|  |TAMS 0x00000000ce100000, 0x00000000ce000000| Untracked 
| 225|0x00000000ce100000, 0x00000000ce200000, 0x00000000ce200000|100%| O|  |TAMS 0x00000000ce200000, 0x00000000ce100000| Untracked 
| 226|0x00000000ce200000, 0x00000000ce300000, 0x00000000ce300000|100%|HS|  |TAMS 0x00000000ce200000, 0x00000000ce200000| Complete 
| 227|0x00000000ce300000, 0x00000000ce400000, 0x00000000ce400000|100%|HC|  |TAMS 0x00000000ce300000, 0x00000000ce300000| Complete 
| 228|0x00000000ce400000, 0x00000000ce500000, 0x00000000ce500000|100%|HC|  |TAMS 0x00000000ce400000, 0x00000000ce400000| Complete 
| 229|0x00000000ce500000, 0x00000000ce600000, 0x00000000ce600000|100%|HC|  |TAMS 0x00000000ce500000, 0x00000000ce500000| Complete 
| 230|0x00000000ce600000, 0x00000000ce700000, 0x00000000ce700000|100%|HC|  |TAMS 0x00000000ce600000, 0x00000000ce600000| Complete 
| 231|0x00000000ce700000, 0x00000000ce800000, 0x00000000ce800000|100%|HC|  |TAMS 0x00000000ce700000, 0x00000000ce700000| Complete 
| 232|0x00000000ce800000, 0x00000000ce900000, 0x00000000ce900000|100%|HC|  |TAMS 0x00000000ce800000, 0x00000000ce800000| Complete 
| 233|0x00000000ce900000, 0x00000000cea00000, 0x00000000cea00000|100%|HS|  |TAMS 0x00000000ce900000, 0x00000000ce900000| Complete 
| 234|0x00000000cea00000, 0x00000000ceb00000, 0x00000000ceb00000|100%|HC|  |TAMS 0x00000000cea00000, 0x00000000cea00000| Complete 
| 235|0x00000000ceb00000, 0x00000000cec00000, 0x00000000cec00000|100%|HC|  |TAMS 0x00000000ceb00000, 0x00000000ceb00000| Complete 
| 236|0x00000000cec00000, 0x00000000ced00000, 0x00000000ced00000|100%|HC|  |TAMS 0x00000000cec00000, 0x00000000cec00000| Complete 
| 237|0x00000000ced00000, 0x00000000cee00000, 0x00000000cee00000|100%|HC|  |TAMS 0x00000000ced00000, 0x00000000ced00000| Complete 
| 238|0x00000000cee00000, 0x00000000cef00000, 0x00000000cef00000|100%|HC|  |TAMS 0x00000000cee00000, 0x00000000cee00000| Complete 
| 239|0x00000000cef00000, 0x00000000cf000000, 0x00000000cf000000|100%|HC|  |TAMS 0x00000000cef00000, 0x00000000cef00000| Complete 
| 240|0x00000000cf000000, 0x00000000cf100000, 0x00000000cf100000|100%|HS|  |TAMS 0x00000000cf000000, 0x00000000cf000000| Complete 
| 241|0x00000000cf100000, 0x00000000cf200000, 0x00000000cf200000|100%|HC|  |TAMS 0x00000000cf100000, 0x00000000cf100000| Complete 
| 242|0x00000000cf200000, 0x00000000cf300000, 0x00000000cf300000|100%|HC|  |TAMS 0x00000000cf200000, 0x00000000cf200000| Complete 
| 243|0x00000000cf300000, 0x00000000cf400000, 0x00000000cf400000|100%|HC|  |TAMS 0x00000000cf300000, 0x00000000cf300000| Complete 
| 244|0x00000000cf400000, 0x00000000cf500000, 0x00000000cf500000|100%|HC|  |TAMS 0x00000000cf400000, 0x00000000cf400000| Complete 
| 245|0x00000000cf500000, 0x00000000cf600000, 0x00000000cf600000|100%|HC|  |TAMS 0x00000000cf500000, 0x00000000cf500000| Complete 
| 246|0x00000000cf600000, 0x00000000cf700000, 0x00000000cf700000|100%|HC|  |TAMS 0x00000000cf600000, 0x00000000cf600000| Complete 
| 247|0x00000000cf700000, 0x00000000cf800000, 0x00000000cf800000|100%|HS|  |TAMS 0x00000000cf700000, 0x00000000cf700000| Complete 
| 248|0x00000000cf800000, 0x00000000cf900000, 0x00000000cf900000|100%|HC|  |TAMS 0x00000000cf800000, 0x00000000cf800000| Complete 
| 249|0x00000000cf900000, 0x00000000cfa00000, 0x00000000cfa00000|100%|HC|  |TAMS 0x00000000cf900000, 0x00000000cf900000| Complete 
| 250|0x00000000cfa00000, 0x00000000cfb00000, 0x00000000cfb00000|100%|HC|  |TAMS 0x00000000cfa00000, 0x00000000cfa00000| Complete 
| 251|0x00000000cfb00000, 0x00000000cfc00000, 0x00000000cfc00000|100%|HC|  |TAMS 0x00000000cfb00000, 0x00000000cfb00000| Complete 
| 252|0x00000000cfc00000, 0x00000000cfd00000, 0x00000000cfd00000|100%|HC|  |TAMS 0x00000000cfc00000, 0x00000000cfc00000| Complete 
| 253|0x00000000cfd00000, 0x00000000cfe00000, 0x00000000cfe00000|100%|HC|  |TAMS 0x00000000cfd00000, 0x00000000cfd00000| Complete 
| 254|0x00000000cfe00000, 0x00000000cff00000, 0x00000000cff00000|100%|HS|  |TAMS 0x00000000cff00000, 0x00000000cfe00000| Complete 
| 255|0x00000000cff00000, 0x00000000d0000000, 0x00000000d0000000|100%|HC|  |TAMS 0x00000000d0000000, 0x00000000cff00000| Complete 
| 256|0x00000000d0000000, 0x00000000d0100000, 0x00000000d0100000|100%|HC|  |TAMS 0x00000000d0100000, 0x00000000d0000000| Complete 
| 257|0x00000000d0100000, 0x00000000d0200000, 0x00000000d0200000|100%|HC|  |TAMS 0x00000000d0200000, 0x00000000d0100000| Complete 
| 258|0x00000000d0200000, 0x00000000d0300000, 0x00000000d0300000|100%|HC|  |TAMS 0x00000000d0300000, 0x00000000d0200000| Complete 
| 259|0x00000000d0300000, 0x00000000d0400000, 0x00000000d0400000|100%|HC|  |TAMS 0x00000000d0400000, 0x00000000d0300000| Complete 
| 260|0x00000000d0400000, 0x00000000d0500000, 0x00000000d0500000|100%|HC|  |TAMS 0x00000000d0500000, 0x00000000d0400000| Complete 
| 261|0x00000000d0500000, 0x00000000d0600000, 0x00000000d0600000|100%|HS|  |TAMS 0x00000000d0600000, 0x00000000d0500000| Complete 
| 262|0x00000000d0600000, 0x00000000d0700000, 0x00000000d0700000|100%|HC|  |TAMS 0x00000000d0700000, 0x00000000d0600000| Complete 
| 263|0x00000000d0700000, 0x00000000d0800000, 0x00000000d0800000|100%|HC|  |TAMS 0x00000000d0800000, 0x00000000d0700000| Complete 
| 264|0x00000000d0800000, 0x00000000d0900000, 0x00000000d0900000|100%|HC|  |TAMS 0x00000000d0900000, 0x00000000d0800000| Complete 
| 265|0x00000000d0900000, 0x00000000d0a00000, 0x00000000d0a00000|100%|HC|  |TAMS 0x00000000d0a00000, 0x00000000d0900000| Complete 
| 266|0x00000000d0a00000, 0x00000000d0b00000, 0x00000000d0b00000|100%|HC|  |TAMS 0x00000000d0b00000, 0x00000000d0a00000| Complete 
| 267|0x00000000d0b00000, 0x00000000d0c00000, 0x00000000d0c00000|100%|HC|  |TAMS 0x00000000d0c00000, 0x00000000d0b00000| Complete 
| 268|0x00000000d0c00000, 0x00000000d0c00000, 0x00000000d0d00000|  0%| F|  |TAMS 0x00000000d0c00000, 0x00000000d0c00000| Untracked 
| 269|0x00000000d0d00000, 0x00000000d0d00000, 0x00000000d0e00000|  0%| F|  |TAMS 0x00000000d0d00000, 0x00000000d0d00000| Untracked 
| 270|0x00000000d0e00000, 0x00000000d0e00000, 0x00000000d0f00000|  0%| F|  |TAMS 0x00000000d0e00000, 0x00000000d0e00000| Untracked 
| 271|0x00000000d0f00000, 0x00000000d0f14770, 0x00000000d1000000|  7%| E|  |TAMS 0x00000000d0f00000, 0x00000000d0f00000| Complete 
| 272|0x00000000d1000000, 0x00000000d1052200, 0x00000000d1100000| 32%| S|CS|TAMS 0x00000000d1000000, 0x00000000d1000000| Complete 
| 273|0x00000000d1100000, 0x00000000d1200000, 0x00000000d1200000|100%| S|CS|TAMS 0x00000000d1100000, 0x00000000d1100000| Complete 
| 274|0x00000000d1200000, 0x00000000d1300000, 0x00000000d1300000|100%| S|CS|TAMS 0x00000000d1200000, 0x00000000d1200000| Complete 
| 275|0x00000000d1300000, 0x00000000d1400000, 0x00000000d1400000|100%| S|CS|TAMS 0x00000000d1300000, 0x00000000d1300000| Complete 
| 276|0x00000000d1400000, 0x00000000d1500000, 0x00000000d1500000|100%| S|CS|TAMS 0x00000000d1400000, 0x00000000d1400000| Complete 
| 277|0x00000000d1500000, 0x00000000d1600000, 0x00000000d1600000|100%| E|CS|TAMS 0x00000000d1500000, 0x00000000d1500000| Complete 
| 278|0x00000000d1600000, 0x00000000d1700000, 0x00000000d1700000|100%| E|CS|TAMS 0x00000000d1600000, 0x00000000d1600000| Complete 
| 279|0x00000000d1700000, 0x00000000d1800000, 0x00000000d1800000|100%| E|CS|TAMS 0x00000000d1700000, 0x00000000d1700000| Complete 
| 280|0x00000000d1800000, 0x00000000d1900000, 0x00000000d1900000|100%| E|CS|TAMS 0x00000000d1800000, 0x00000000d1800000| Complete 
| 281|0x00000000d1900000, 0x00000000d1a00000, 0x00000000d1a00000|100%| E|CS|TAMS 0x00000000d1900000, 0x00000000d1900000| Complete 
| 282|0x00000000d1a00000, 0x00000000d1b00000, 0x00000000d1b00000|100%| E|CS|TAMS 0x00000000d1a00000, 0x00000000d1a00000| Complete 
| 283|0x00000000d1b00000, 0x00000000d1c00000, 0x00000000d1c00000|100%| E|CS|TAMS 0x00000000d1b00000, 0x00000000d1b00000| Complete 
| 284|0x00000000d1c00000, 0x00000000d1d00000, 0x00000000d1d00000|100%| E|CS|TAMS 0x00000000d1c00000, 0x00000000d1c00000| Complete 
| 285|0x00000000d1d00000, 0x00000000d1e00000, 0x00000000d1e00000|100%| E|CS|TAMS 0x00000000d1d00000, 0x00000000d1d00000| Complete 
| 286|0x00000000d1e00000, 0x00000000d1f00000, 0x00000000d1f00000|100%| E|CS|TAMS 0x00000000d1e00000, 0x00000000d1e00000| Complete 
| 287|0x00000000d1f00000, 0x00000000d2000000, 0x00000000d2000000|100%| E|CS|TAMS 0x00000000d1f00000, 0x00000000d1f00000| Complete 
| 288|0x00000000d2000000, 0x00000000d2100000, 0x00000000d2100000|100%| E|CS|TAMS 0x00000000d2000000, 0x00000000d2000000| Complete 
| 289|0x00000000d2100000, 0x00000000d2200000, 0x00000000d2200000|100%| E|CS|TAMS 0x00000000d2100000, 0x00000000d2100000| Complete 
| 290|0x00000000d2200000, 0x00000000d2300000, 0x00000000d2300000|100%| E|CS|TAMS 0x00000000d2200000, 0x00000000d2200000| Complete 
| 291|0x00000000d2300000, 0x00000000d2400000, 0x00000000d2400000|100%| E|CS|TAMS 0x00000000d2300000, 0x00000000d2300000| Complete 
| 292|0x00000000d2400000, 0x00000000d2500000, 0x00000000d2500000|100%| E|CS|TAMS 0x00000000d2400000, 0x00000000d2400000| Complete 
| 293|0x00000000d2500000, 0x00000000d2600000, 0x00000000d2600000|100%| E|CS|TAMS 0x00000000d2500000, 0x00000000d2500000| Complete 
| 294|0x00000000d2600000, 0x00000000d2700000, 0x00000000d2700000|100%| E|CS|TAMS 0x00000000d2600000, 0x00000000d2600000| Complete 
| 295|0x00000000d2700000, 0x00000000d2800000, 0x00000000d2800000|100%| E|CS|TAMS 0x00000000d2700000, 0x00000000d2700000| Complete 
| 296|0x00000000d2800000, 0x00000000d2900000, 0x00000000d2900000|100%| E|CS|TAMS 0x00000000d2800000, 0x00000000d2800000| Complete 
| 297|0x00000000d2900000, 0x00000000d2a00000, 0x00000000d2a00000|100%| E|CS|TAMS 0x00000000d2900000, 0x00000000d2900000| Complete 
| 298|0x00000000d2a00000, 0x00000000d2b00000, 0x00000000d2b00000|100%| E|CS|TAMS 0x00000000d2a00000, 0x00000000d2a00000| Complete 
| 299|0x00000000d2b00000, 0x00000000d2c00000, 0x00000000d2c00000|100%| E|CS|TAMS 0x00000000d2b00000, 0x00000000d2b00000| Complete 
| 300|0x00000000d2c00000, 0x00000000d2d00000, 0x00000000d2d00000|100%| E|CS|TAMS 0x00000000d2c00000, 0x00000000d2c00000| Complete 
| 301|0x00000000d2d00000, 0x00000000d2e00000, 0x00000000d2e00000|100%| E|CS|TAMS 0x00000000d2d00000, 0x00000000d2d00000| Complete 
| 302|0x00000000d2e00000, 0x00000000d2f00000, 0x00000000d2f00000|100%| E|CS|TAMS 0x00000000d2e00000, 0x00000000d2e00000| Complete 
| 303|0x00000000d2f00000, 0x00000000d3000000, 0x00000000d3000000|100%| E|CS|TAMS 0x00000000d2f00000, 0x00000000d2f00000| Complete 
| 304|0x00000000d3000000, 0x00000000d3100000, 0x00000000d3100000|100%| E|CS|TAMS 0x00000000d3000000, 0x00000000d3000000| Complete 
| 305|0x00000000d3100000, 0x00000000d3200000, 0x00000000d3200000|100%| E|CS|TAMS 0x00000000d3100000, 0x00000000d3100000| Complete 
| 306|0x00000000d3200000, 0x00000000d3300000, 0x00000000d3300000|100%| E|CS|TAMS 0x00000000d3200000, 0x00000000d3200000| Complete 
| 307|0x00000000d3300000, 0x00000000d3400000, 0x00000000d3400000|100%| E|CS|TAMS 0x00000000d3300000, 0x00000000d3300000| Complete 
| 308|0x00000000d3400000, 0x00000000d3500000, 0x00000000d3500000|100%| E|CS|TAMS 0x00000000d3400000, 0x00000000d3400000| Complete 
| 309|0x00000000d3500000, 0x00000000d3600000, 0x00000000d3600000|100%| E|CS|TAMS 0x00000000d3500000, 0x00000000d3500000| Complete 
| 310|0x00000000d3600000, 0x00000000d3700000, 0x00000000d3700000|100%| E|CS|TAMS 0x00000000d3600000, 0x00000000d3600000| Complete 
| 311|0x00000000d3700000, 0x00000000d3800000, 0x00000000d3800000|100%| E|CS|TAMS 0x00000000d3700000, 0x00000000d3700000| Complete 
| 312|0x00000000d3800000, 0x00000000d3900000, 0x00000000d3900000|100%| E|CS|TAMS 0x00000000d3800000, 0x00000000d3800000| Complete 
| 313|0x00000000d3900000, 0x00000000d3a00000, 0x00000000d3a00000|100%| E|CS|TAMS 0x00000000d3900000, 0x00000000d3900000| Complete 
| 314|0x00000000d3a00000, 0x00000000d3b00000, 0x00000000d3b00000|100%| E|CS|TAMS 0x00000000d3a00000, 0x00000000d3a00000| Complete 
| 315|0x00000000d3b00000, 0x00000000d3c00000, 0x00000000d3c00000|100%| E|CS|TAMS 0x00000000d3b00000, 0x00000000d3b00000| Complete 
| 316|0x00000000d3c00000, 0x00000000d3d00000, 0x00000000d3d00000|100%| E|CS|TAMS 0x00000000d3c00000, 0x00000000d3c00000| Complete 
| 317|0x00000000d3d00000, 0x00000000d3e00000, 0x00000000d3e00000|100%| E|CS|TAMS 0x00000000d3d00000, 0x00000000d3d00000| Complete 
| 318|0x00000000d3e00000, 0x00000000d3f00000, 0x00000000d3f00000|100%| E|CS|TAMS 0x00000000d3e00000, 0x00000000d3e00000| Complete 
| 319|0x00000000d3f00000, 0x00000000d4000000, 0x00000000d4000000|100%| E|CS|TAMS 0x00000000d3f00000, 0x00000000d3f00000| Complete 
| 320|0x00000000d4000000, 0x00000000d4100000, 0x00000000d4100000|100%| E|CS|TAMS 0x00000000d4000000, 0x00000000d4000000| Complete 
| 321|0x00000000d4100000, 0x00000000d4200000, 0x00000000d4200000|100%| E|CS|TAMS 0x00000000d4100000, 0x00000000d4100000| Complete 
| 322|0x00000000d4200000, 0x00000000d4300000, 0x00000000d4300000|100%| E|CS|TAMS 0x00000000d4200000, 0x00000000d4200000| Complete 
| 323|0x00000000d4300000, 0x00000000d4400000, 0x00000000d4400000|100%| E|CS|TAMS 0x00000000d4300000, 0x00000000d4300000| Complete 
| 324|0x00000000d4400000, 0x00000000d4500000, 0x00000000d4500000|100%| E|CS|TAMS 0x00000000d4400000, 0x00000000d4400000| Complete 
| 325|0x00000000d4500000, 0x00000000d4600000, 0x00000000d4600000|100%| E|CS|TAMS 0x00000000d4500000, 0x00000000d4500000| Complete 
| 326|0x00000000d4600000, 0x00000000d4700000, 0x00000000d4700000|100%| E|CS|TAMS 0x00000000d4600000, 0x00000000d4600000| Complete 
| 327|0x00000000d4700000, 0x00000000d4800000, 0x00000000d4800000|100%| E|CS|TAMS 0x00000000d4700000, 0x00000000d4700000| Complete 
| 328|0x00000000d4800000, 0x00000000d4900000, 0x00000000d4900000|100%| E|CS|TAMS 0x00000000d4800000, 0x00000000d4800000| Complete 
| 329|0x00000000d4900000, 0x00000000d4a00000, 0x00000000d4a00000|100%| E|CS|TAMS 0x00000000d4900000, 0x00000000d4900000| Complete 
| 330|0x00000000d4a00000, 0x00000000d4b00000, 0x00000000d4b00000|100%| E|CS|TAMS 0x00000000d4a00000, 0x00000000d4a00000| Complete 
| 331|0x00000000d4b00000, 0x00000000d4c00000, 0x00000000d4c00000|100%| E|CS|TAMS 0x00000000d4b00000, 0x00000000d4b00000| Complete 
| 332|0x00000000d4c00000, 0x00000000d4d00000, 0x00000000d4d00000|100%| E|CS|TAMS 0x00000000d4c00000, 0x00000000d4c00000| Complete 
| 333|0x00000000d4d00000, 0x00000000d4e00000, 0x00000000d4e00000|100%| E|CS|TAMS 0x00000000d4d00000, 0x00000000d4d00000| Complete 
| 334|0x00000000d4e00000, 0x00000000d4f00000, 0x00000000d4f00000|100%| E|CS|TAMS 0x00000000d4e00000, 0x00000000d4e00000| Complete 
| 335|0x00000000d4f00000, 0x00000000d5000000, 0x00000000d5000000|100%| E|CS|TAMS 0x00000000d4f00000, 0x00000000d4f00000| Complete 
| 336|0x00000000d5000000, 0x00000000d5100000, 0x00000000d5100000|100%| E|CS|TAMS 0x00000000d5000000, 0x00000000d5000000| Complete 
| 337|0x00000000d5100000, 0x00000000d5200000, 0x00000000d5200000|100%| E|CS|TAMS 0x00000000d5100000, 0x00000000d5100000| Complete 
| 338|0x00000000d5200000, 0x00000000d5300000, 0x00000000d5300000|100%| E|CS|TAMS 0x00000000d5200000, 0x00000000d5200000| Complete 
| 339|0x00000000d5300000, 0x00000000d5400000, 0x00000000d5400000|100%|HS|  |TAMS 0x00000000d5300000, 0x00000000d5300000| Complete 
| 340|0x00000000d5400000, 0x00000000d5500000, 0x00000000d5500000|100%|HC|  |TAMS 0x00000000d5400000, 0x00000000d5400000| Complete 
| 341|0x00000000d5500000, 0x00000000d5600000, 0x00000000d5600000|100%|HC|  |TAMS 0x00000000d5500000, 0x00000000d5500000| Complete 
| 342|0x00000000d5600000, 0x00000000d5700000, 0x00000000d5700000|100%|HC|  |TAMS 0x00000000d5600000, 0x00000000d5600000| Complete 
| 343|0x00000000d5700000, 0x00000000d5800000, 0x00000000d5800000|100%|HC|  |TAMS 0x00000000d5700000, 0x00000000d5700000| Complete 
| 344|0x00000000d5800000, 0x00000000d5900000, 0x00000000d5900000|100%|HC|  |TAMS 0x00000000d5800000, 0x00000000d5800000| Complete 
| 345|0x00000000d5900000, 0x00000000d5a00000, 0x00000000d5a00000|100%|HC|  |TAMS 0x00000000d5900000, 0x00000000d5900000| Complete 
| 346|0x00000000d5a00000, 0x00000000d5b00000, 0x00000000d5b00000|100%|HS|  |TAMS 0x00000000d5a00000, 0x00000000d5a00000| Complete 
| 347|0x00000000d5b00000, 0x00000000d5c00000, 0x00000000d5c00000|100%|HC|  |TAMS 0x00000000d5b00000, 0x00000000d5b00000| Complete 
| 348|0x00000000d5c00000, 0x00000000d5d00000, 0x00000000d5d00000|100%|HC|  |TAMS 0x00000000d5c00000, 0x00000000d5c00000| Complete 
| 349|0x00000000d5d00000, 0x00000000d5e00000, 0x00000000d5e00000|100%|HC|  |TAMS 0x00000000d5d00000, 0x00000000d5d00000| Complete 
| 350|0x00000000d5e00000, 0x00000000d5f00000, 0x00000000d5f00000|100%|HC|  |TAMS 0x00000000d5e00000, 0x00000000d5e00000| Complete 
| 351|0x00000000d5f00000, 0x00000000d6000000, 0x00000000d6000000|100%|HC|  |TAMS 0x00000000d5f00000, 0x00000000d5f00000| Complete 
| 352|0x00000000d6000000, 0x00000000d6100000, 0x00000000d6100000|100%|HC|  |TAMS 0x00000000d6000000, 0x00000000d6000000| Complete 
| 353|0x00000000d6100000, 0x00000000d6200000, 0x00000000d6200000|100%|HS|  |TAMS 0x00000000d6100000, 0x00000000d6100000| Complete 
| 354|0x00000000d6200000, 0x00000000d6300000, 0x00000000d6300000|100%|HC|  |TAMS 0x00000000d6200000, 0x00000000d6200000| Complete 
| 355|0x00000000d6300000, 0x00000000d6400000, 0x00000000d6400000|100%|HC|  |TAMS 0x00000000d6300000, 0x00000000d6300000| Complete 
| 356|0x00000000d6400000, 0x00000000d6500000, 0x00000000d6500000|100%|HC|  |TAMS 0x00000000d6400000, 0x00000000d6400000| Complete 
| 357|0x00000000d6500000, 0x00000000d6600000, 0x00000000d6600000|100%|HC|  |TAMS 0x00000000d6500000, 0x00000000d6500000| Complete 
| 358|0x00000000d6600000, 0x00000000d6700000, 0x00000000d6700000|100%|HC|  |TAMS 0x00000000d6600000, 0x00000000d6600000| Complete 
| 359|0x00000000d6700000, 0x00000000d6800000, 0x00000000d6800000|100%|HC|  |TAMS 0x00000000d6700000, 0x00000000d6700000| Complete 

Card table byte_map: [0x000000001a6c0000,0x000000001a8c0000] _byte_map_base: 0x000000001a0c0000

Marking Bits (Prev, Next): (CMBitMap*) 0x0000000002ca6420, (CMBitMap*) 0x0000000002ca63e8
 Prev Bits: [0x000000001bac0000, 0x000000001cac0000)
 Next Bits: [0x000000001aac0000, 0x000000001bac0000)

Polling page: 0x0000000000620000

Metaspace:

Usage:
  Non-class:    134.99 MB capacity,   124.70 MB ( 92%) used,     9.94 MB (  7%) free+waste,   358.06 KB ( <1%) overhead. 
      Class:     19.85 MB capacity,    15.51 MB ( 78%) used,     4.17 MB ( 21%) free+waste,   177.31 KB ( <1%) overhead. 
       Both:    154.84 MB capacity,   140.21 MB ( 91%) used,    14.11 MB (  9%) free+waste,   535.38 KB ( <1%) overhead. 

Virtual space:
  Non-class space:      136.00 MB reserved,     135.12 MB (>99%) committed 
      Class space:        1.00 GB reserved,      19.90 MB (  2%) committed 
             Both:        1.13 GB reserved,     155.02 MB ( 13%) committed 

Chunk freelists:
   Non-Class:  384 bytes
       Class:  128 bytes
        Both:  512 bytes

CodeHeap 'non-profiled nmethods': size=120000Kb used=32943Kb max_used=33512Kb free=87056Kb
 bounds [0x0000000012a30000, 0x0000000014b20000, 0x0000000019f60000]
CodeHeap 'profiled nmethods': size=120000Kb used=62493Kb max_used=66345Kb free=57506Kb
 bounds [0x000000000b500000, 0x000000000f650000, 0x0000000012a30000]
CodeHeap 'non-nmethods': size=5760Kb used=1552Kb max_used=1618Kb free=4207Kb
 bounds [0x000000000af60000, 0x000000000b1d0000, 0x000000000b500000]
 total_blobs=53996 nmethods=26099 adapters=969
 compilation: enabled
              stopped_count=0, restarted_count=0
 full_count=0

Compilation events (10 events):
Event: 61549.323 Thread 0x000000001ff29000 37858       3       org.netbeans.modules.parsing.impl.indexing.implspi.ActiveDocumentProvider$ActiveDocumentEvent::<init> (35 bytes)
Event: 61549.323 Thread 0x000000001ff29000 nmethod 37858 0x000000000c72e310 code [0x000000000c72e500, 0x000000000c72ea00]
Event: 61549.998 Thread 0x000000001ff1c800 37859       4       org.openide.awt.Toolbar::getComponents (10 bytes)
Event: 61550.003 Thread 0x000000001ff1c800 nmethod 37859 0x000000001405e910 code [0x000000001405eae0, 0x000000001405f138]
Event: 61551.536 Thread 0x000000001ff1c800 37860       4       java.lang.reflect.AccessibleObject::logIfExportedForIllegalAccess (54 bytes)
Event: 61551.540 Thread 0x000000001ff1c800 nmethod 37860 0x00000000140a6090 code [0x00000000140a6280, 0x00000000140a6648]
Event: 61557.616 Thread 0x000000001ff1c800 37861   !   4       com.sun.jna.Structure::useMemory (134 bytes)
Event: 61557.633 Thread 0x000000001ff1c800 nmethod 37861 0x00000000140e2a10 code [0x00000000140e2c60, 0x00000000140e3a08]
Event: 61563.685 Thread 0x000000001ff1c800 37862       4       org.openide.filesystems.AbstractFileObject::isData (13 bytes)
Event: 61563.685 Thread 0x000000001ff1c800 nmethod 37862 0x0000000013e68c90 code [0x0000000013e68e20, 0x0000000013e68ea8]

GC Heap History (10 events):
Event: 61509.399 GC heap before
{Heap before GC invocations=607 (full 0):
 garbage-first heap   total 347136K, used 285550K [0x00000000c0000000, 0x0000000100000000)
  region size 1024K, 84 young (86016K), 3 survivors (3072K)
 Metaspace       used 143548K, capacity 158559K, committed 158740K, reserved 1187840K
  class space    used 15884K, capacity 20328K, committed 20380K, reserved 1048576K
}
Event: 61509.408 GC heap after
{Heap after GC invocations=608 (full 0):
 garbage-first heap   total 347136K, used 214107K [0x00000000c0000000, 0x0000000100000000)
  region size 1024K, 11 young (11264K), 11 survivors (11264K)
 Metaspace       used 143548K, capacity 158559K, committed 158740K, reserved 1187840K
  class space    used 15884K, capacity 20328K, committed 20380K, reserved 1048576K
}
Event: 61518.225 GC heap before
{Heap before GC invocations=608 (full 0):
 garbage-first heap   total 347136K, used 288859K [0x00000000c0000000, 0x0000000100000000)
  region size 1024K, 84 young (86016K), 11 survivors (11264K)
 Metaspace       used 143557K, capacity 158559K, committed 158740K, reserved 1187840K
  class space    used 15884K, capacity 20328K, committed 20380K, reserved 1048576K
}
Event: 61518.234 GC heap after
{Heap after GC invocations=609 (full 0):
 garbage-first heap   total 347136K, used 214916K [0x00000000c0000000, 0x0000000100000000)
  region size 1024K, 2 young (2048K), 2 survivors (2048K)
 Metaspace       used 143557K, capacity 158559K, committed 158740K, reserved 1187840K
  class space    used 15884K, capacity 20328K, committed 20380K, reserved 1048576K
}
Event: 61549.043 GC heap before
{Heap before GC invocations=610 (full 0):
 garbage-first heap   total 347136K, used 286596K [0x00000000c0000000, 0x0000000100000000)
  region size 1024K, 76 young (77824K), 2 survivors (2048K)
 Metaspace       used 143569K, capacity 158561K, committed 158740K, reserved 1187840K
  class space    used 15884K, capacity 20328K, committed 20380K, reserved 1048576K
}
Event: 61549.056 GC heap after
{Heap after GC invocations=611 (full 0):
 garbage-first heap   total 347136K, used 218715K [0x00000000c0000000, 0x0000000100000000)
  region size 1024K, 9 young (9216K), 9 survivors (9216K)
 Metaspace       used 143569K, capacity 158561K, committed 158740K, reserved 1187840K
  class space    used 15884K, capacity 20328K, committed 20380K, reserved 1048576K
}
Event: 61549.074 GC heap before
{Heap before GC invocations=611 (full 0):
 garbage-first heap   total 347136K, used 225883K [0x00000000c0000000, 0x0000000100000000)
  region size 1024K, 16 young (16384K), 9 survivors (9216K)
 Metaspace       used 143570K, capacity 158561K, committed 158740K, reserved 1187840K
  class space    used 15884K, capacity 20328K, committed 20380K, reserved 1048576K
}
Event: 61549.087 GC heap after
{Heap after GC invocations=612 (full 0):
 garbage-first heap   total 347136K, used 195882K [0x00000000c0000000, 0x0000000100000000)
  region size 1024K, 2 young (2048K), 2 survivors (2048K)
 Metaspace       used 143570K, capacity 158561K, committed 158740K, reserved 1187840K
  class space    used 15884K, capacity 20328K, committed 20380K, reserved 1048576K
}
Event: 61561.577 GC heap before
{Heap before GC invocations=612 (full 0):
 garbage-first heap   total 347136K, used 306474K [0x00000000c0000000, 0x0000000100000000)
  region size 1024K, 62 young (63488K), 2 survivors (2048K)
 Metaspace       used 143577K, capacity 158561K, committed 158740K, reserved 1187840K
  class space    used 15884K, capacity 20328K, committed 20380K, reserved 1048576K
}
Event: 61561.589 GC heap after
{Heap after GC invocations=613 (full 0):
 garbage-first heap   total 347136K, used 213360K [0x00000000c0000000, 0x0000000100000000)
  region size 1024K, 5 young (5120K), 5 survivors (5120K)
 Metaspace       used 143577K, capacity 158561K, committed 158740K, reserved 1187840K
  class space    used 15884K, capacity 20328K, committed 20380K, reserved 1048576K
}

Deoptimization events (10 events):
Event: 61003.982 Thread 0x00000000284c2800 Uncommon trap: reason=bimorphic_or_optimized_type_check action=maybe_recompile pc=0x0000000013840e5c method=java.util.regex.Pattern$Loop.match(Ljava/util/regex/Matcher;ILjava/lang/CharSequence;)Z @ 192 c2
Event: 61003.982 Thread 0x00000000284c2800 Uncommon trap: reason=unstable_if action=reinterpret pc=0x0000000013840eb0 method=java.util.regex.Pattern$Loop.match(Ljava/util/regex/Matcher;ILjava/lang/CharSequence;)Z @ 107 c2
Event: 61003.982 Thread 0x00000000284c2800 Uncommon trap: reason=class_check action=maybe_recompile pc=0x00000000135dffd0 method=java.util.regex.Pattern$Caret.match(Ljava/util/regex/Matcher;ILjava/lang/CharSequence;)Z @ 120 c2
Event: 61395.136 Thread 0x000000002b09d000 Uncommon trap: reason=unstable_if action=reinterpret pc=0x00000000140474a8 method=org.openide.text.NbDocument$DocumentRenderer.run()V @ 4 c2
Event: 61409.464 Thread 0x0000000027d9f000 Uncommon trap: reason=speculate_class_check action=maybe_recompile pc=0x0000000013be3c04 method=java.awt.Component.getRecursivelyVisibleBounds()Ljava/awt/Rectangle; @ 6 c2
Event: 61417.591 Thread 0x0000000027d9f000 Uncommon trap: reason=unstable_if action=reinterpret pc=0x0000000013caa960 method=java.awt.Rectangle.inside(II)Z @ 15 c2
Event: 61501.852 Thread 0x0000000027d9f000 Uncommon trap: reason=unstable_if action=reinterpret pc=0x00000000149eeb88 method=sun.java2d.SunGraphicsEnvironment.getGraphicsConfigurationAtPoint(Ljava/awt/GraphicsConfiguration;DD)Ljava/awt/GraphicsConfiguration; @ 9 c2
Event: 61510.353 Thread 0x0000000027d9f000 Uncommon trap: reason=unstable_if action=reinterpret pc=0x00000000135228b0 method=javax.swing.SwingUtilities.convertPointToScreen(Ljava/awt/Point;Ljava/awt/Component;)V @ 128 c2
Event: 61510.379 Thread 0x0000000027d9f000 Uncommon trap: reason=unstable_if action=reinterpret pc=0x0000000013826cfc method=org.openide.awt.ToolbarWithOverflow.getAllComponents()[Ljava/awt/Component; @ 10 c2
Event: 61526.093 Thread 0x0000000027d9f000 Uncommon trap: reason=speculate_class_check action=maybe_recompile pc=0x0000000013be3c04 method=java.awt.Component.getRecursivelyVisibleBounds()Ljava/awt/Rectangle; @ 6 c2

Classes redefined (0 events):
No events

Internal exceptions (10 events):
Event: 61528.065 Thread 0x000000002b09d000 Exception <a 'sun/nio/fs/WindowsException'{0x00000000d3b17ae0}> (0x00000000d3b17ae0) thrown at [t:/workspace/open/src/hotspot/share/prims/jni.cpp, line 615]
Event: 61528.065 Thread 0x000000002b09d000 Exception <a 'sun/nio/fs/WindowsException'{0x00000000d3b18ef8}> (0x00000000d3b18ef8) thrown at [t:/workspace/open/src/hotspot/share/prims/jni.cpp, line 615]
Event: 61528.072 Thread 0x000000002b0a1000 Exception <a 'sun/nio/fs/WindowsException'{0x00000000d3bdec28}> (0x00000000d3bdec28) thrown at [t:/workspace/open/src/hotspot/share/prims/jni.cpp, line 615]
Event: 61528.072 Thread 0x000000002b0a1000 Exception <a 'sun/nio/fs/WindowsException'{0x00000000d3be0040}> (0x00000000d3be0040) thrown at [t:/workspace/open/src/hotspot/share/prims/jni.cpp, line 615]
Event: 61528.627 Thread 0x000000002b0a1000 Exception <a 'sun/nio/fs/WindowsException'{0x00000000d22a7380}> (0x00000000d22a7380) thrown at [t:/workspace/open/src/hotspot/share/prims/jni.cpp, line 615]
Event: 61528.627 Thread 0x000000002b0a1000 Exception <a 'sun/nio/fs/WindowsException'{0x00000000d22a8798}> (0x00000000d22a8798) thrown at [t:/workspace/open/src/hotspot/share/prims/jni.cpp, line 615]
Event: 61528.633 Thread 0x000000002b0a3000 Exception <a 'sun/nio/fs/WindowsException'{0x00000000d2108770}> (0x00000000d2108770) thrown at [t:/workspace/open/src/hotspot/share/prims/jni.cpp, line 615]
Event: 61528.633 Thread 0x000000002b0a3000 Exception <a 'sun/nio/fs/WindowsException'{0x00000000d2138788}> (0x00000000d2138788) thrown at [t:/workspace/open/src/hotspot/share/prims/jni.cpp, line 615]
Event: 61529.248 Thread 0x000000002b09d000 Exception <a 'sun/nio/fs/WindowsException'{0x00000000d2008788}> (0x00000000d2008788) thrown at [t:/workspace/open/src/hotspot/share/prims/jni.cpp, line 615]
Event: 61529.248 Thread 0x000000002b09d000 Exception <a 'sun/nio/fs/WindowsException'{0x00000000d2009ba0}> (0x00000000d2009ba0) thrown at [t:/workspace/open/src/hotspot/share/prims/jni.cpp, line 615]

Events (10 events):
Event: 61582.866 Executing VM operation: FindDeadlocks
Event: 61582.866 Executing VM operation: FindDeadlocks done
Event: 61584.866 Executing VM operation: FindDeadlocks
Event: 61584.866 Executing VM operation: FindDeadlocks done
Event: 61585.159 loading class org/netbeans/spi/debugger/ui/EditorContextDispatcher
Event: 61585.159 loading class org/netbeans/spi/debugger/ui/EditorContextDispatcher done
Event: 61585.159 loading class org/netbeans/spi/debugger/ui/EditorContextDispatcher
Event: 61585.159 loading class org/netbeans/spi/debugger/ui/EditorContextDispatcher done
Event: 61585.159 loading class org/netbeans/spi/debugger/ui/EditorContextDispatcher
Event: 61585.159 loading class org/netbeans/spi/debugger/ui/EditorContextDispatcher done


Dynamic libraries:
0x0000000000400000 - 0x000000000045e000 	C:\Users\Sabrina\Downloads\incubating-netbeans-10.0-bin\netbeans\bin\netbeans64.exe
0x00007ff8767a0000 - 0x00007ff87694c000 	C:\windows\SYSTEM32\ntdll.dll
0x00007ff876450000 - 0x00007ff87658e000 	C:\windows\system32\KERNEL32.DLL
0x00007ff873b20000 - 0x00007ff873c35000 	C:\windows\system32\KERNELBASE.dll
0x00007ff874400000 - 0x00007ff8744aa000 	C:\windows\system32\ADVAPI32.dll
0x00007ff876590000 - 0x00007ff87663a000 	C:\windows\system32\msvcrt.dll
0x00007ff874aa0000 - 0x00007ff875fcb000 	C:\windows\system32\SHELL32.dll
0x00007ff8744b0000 - 0x00007ff874627000 	C:\windows\system32\USER32.dll
0x00007ff876120000 - 0x00007ff876179000 	C:\windows\SYSTEM32\sechost.dll
0x00007ff873ef0000 - 0x00007ff874031000 	C:\windows\system32\RPCRT4.dll
0x00007ff874880000 - 0x00007ff874a91000 	C:\windows\SYSTEM32\combase.dll
0x00007ff876240000 - 0x00007ff876294000 	C:\windows\system32\SHLWAPI.dll
0x00007ff874050000 - 0x00007ff8741a0000 	C:\windows\system32\GDI32.dll
0x00007ff874210000 - 0x00007ff874246000 	C:\windows\system32\IMM32.DLL
0x00007ff876640000 - 0x00007ff876791000 	C:\windows\system32\MSCTF.dll
0x00007ff872100000 - 0x00007ff8721b2000 	C:\windows\SYSTEM32\SHCORE.dll
0x000000005d060000 - 0x000000005d0b2000 	C:\Users\Sabrina\Downloads\incubating-netbeans-10.0-bin\netbeans\platform\lib\nbexec64.dll
0x00007ff846130000 - 0x00007ff846c72000 	C:\Program Files\Java\jdk-11.0.1\bin\server\jvm.dll
0x00007ff8698e0000 - 0x00007ff8698e9000 	C:\windows\SYSTEM32\WSOCK32.dll
0x00007ff86e050000 - 0x00007ff86e072000 	C:\windows\SYSTEM32\WINMM.dll
0x00007ff86e080000 - 0x00007ff86e08a000 	C:\windows\SYSTEM32\VERSION.dll
0x00007ff873e20000 - 0x00007ff873e27000 	C:\windows\system32\PSAPI.DLL
0x00007ff86ce30000 - 0x00007ff86ce46000 	C:\Program Files\Java\jdk-11.0.1\bin\VCRUNTIME140.dll
0x00007ff86ce20000 - 0x00007ff86ce24000 	C:\Program Files\Java\jdk-11.0.1\bin\api-ms-win-crt-stdio-l1-1-0.dll
0x00007ff861680000 - 0x00007ff861684000 	C:\Program Files\Java\jdk-11.0.1\bin\api-ms-win-crt-string-l1-1-0.dll
0x00007ff860600000 - 0x00007ff860604000 	C:\Program Files\Java\jdk-11.0.1\bin\api-ms-win-crt-runtime-l1-1-0.dll
0x00007ff85ddd0000 - 0x00007ff85ddd4000 	C:\Program Files\Java\jdk-11.0.1\bin\api-ms-win-crt-convert-l1-1-0.dll
0x00007ff8576f0000 - 0x00007ff8576f3000 	C:\Program Files\Java\jdk-11.0.1\bin\api-ms-win-crt-environment-l1-1-0.dll
0x00007ff8576e0000 - 0x00007ff8576e3000 	C:\Program Files\Java\jdk-11.0.1\bin\api-ms-win-crt-utility-l1-1-0.dll
0x00007ff855fa0000 - 0x00007ff855fa5000 	C:\Program Files\Java\jdk-11.0.1\bin\api-ms-win-crt-math-l1-1-0.dll
0x00007ff855f90000 - 0x00007ff855f93000 	C:\Program Files\Java\jdk-11.0.1\bin\api-ms-win-crt-filesystem-l1-1-0.dll
0x00007ff855f80000 - 0x00007ff855f83000 	C:\Program Files\Java\jdk-11.0.1\bin\api-ms-win-crt-time-l1-1-0.dll
0x00007ff855f70000 - 0x00007ff855f73000 	C:\Program Files\Java\jdk-11.0.1\bin\api-ms-win-crt-heap-l1-1-0.dll
0x00007ff874630000 - 0x00007ff87468a000 	C:\windows\system32\WS2_32.dll
0x00007ff86e010000 - 0x00007ff86e03a000 	C:\windows\SYSTEM32\WINMMBASE.dll
0x00007ff874040000 - 0x00007ff874049000 	C:\windows\system32\NSI.dll
0x00007ff873ad0000 - 0x00007ff873b1f000 	C:\windows\SYSTEM32\cfgmgr32.dll
0x00007ff8726e0000 - 0x00007ff872708000 	C:\windows\SYSTEM32\DEVOBJ.dll
0x00007ff8487d0000 - 0x00007ff8488c6000 	C:\Program Files\Java\jdk-11.0.1\bin\ucrtbase.DLL
0x00007ff8549a0000 - 0x00007ff8549db000 	C:\Program Files\Java\jdk-11.0.1\bin\splashscreen.dll
0x00007ff854970000 - 0x00007ff854999000 	C:\Program Files\Java\jdk-11.0.1\bin\java.dll
0x00007ff86e4e0000 - 0x00007ff86e961000 	C:\windows\SYSTEM32\d2d1.dll
0x00007ff854900000 - 0x00007ff854911000 	C:\Program Files\Java\jdk-11.0.1\bin\verify.dll
0x00007ff85de00000 - 0x00007ff85df8a000 	C:\windows\SYSTEM32\DBGHELP.DLL
0x00007ff8546e0000 - 0x00007ff8546f6000 	C:\Program Files\Java\jdk-11.0.1\bin\zip.dll
0x00007ff855f60000 - 0x00007ff855f6a000 	C:\Program Files\Java\jdk-11.0.1\bin\jimage.dll
0x00007ff8738f0000 - 0x00007ff873905000 	C:\windows\SYSTEM32\profapi.dll
0x00007ff8546c0000 - 0x00007ff8546d9000 	C:\Program Files\Java\jdk-11.0.1\bin\net.dll
0x00007ff868680000 - 0x00007ff868749000 	C:\windows\SYSTEM32\WINHTTP.dll
0x00007ff873100000 - 0x00007ff873159000 	C:\windows\system32\mswsock.dll
0x00007ff8545d0000 - 0x00007ff8545e3000 	C:\Program Files\Java\jdk-11.0.1\bin\nio.dll
0x00007ff86ca80000 - 0x00007ff86caaa000 	C:\windows\SYSTEM32\IPHLPAPI.DLL
0x00007ff86ca10000 - 0x00007ff86ca1a000 	C:\windows\SYSTEM32\WINNSI.DLL
0x00007ff86c750000 - 0x00007ff86c766000 	C:\windows\SYSTEM32\dhcpcsvc6.DLL
0x00007ff86c6e0000 - 0x00007ff86c6fa000 	C:\windows\SYSTEM32\dhcpcsvc.DLL
0x00007ff8450d0000 - 0x00007ff84526f000 	C:\Program Files\Java\jdk-11.0.1\bin\awt.dll
0x00007ff876050000 - 0x00007ff876111000 	C:\windows\system32\OLEAUT32.dll
0x00007ff848720000 - 0x00007ff8487ca000 	C:\Program Files\Java\jdk-11.0.1\bin\MSVCP140.dll
0x00007ff8546b0000 - 0x00007ff8546b3000 	C:\Program Files\Java\jdk-11.0.1\bin\api-ms-win-crt-locale-l1-1-0.dll
0x00007ff8545c0000 - 0x00007ff8545c5000 	C:\Program Files\Java\jdk-11.0.1\bin\api-ms-win-crt-multibyte-l1-1-0.dll
0x00007ff8721e0000 - 0x00007ff87226e000 	C:\windows\system32\apphelp.dll
0x00007ff873160000 - 0x00007ff873180000 	C:\windows\SYSTEM32\CRYPTSP.dll
0x00007ff872d80000 - 0x00007ff872db6000 	C:\windows\system32\rsaenh.dll
0x00007ff8733b0000 - 0x00007ff8733d6000 	C:\windows\SYSTEM32\bcrypt.dll
0x00007ff872e90000 - 0x00007ff872eb1000 	C:\windows\SYSTEM32\USERENV.dll
0x00007ff8736f0000 - 0x00007ff873753000 	C:\windows\system32\bcryptprimitives.dll
0x00007ff873760000 - 0x00007ff87376b000 	C:\windows\SYSTEM32\CRYPTBASE.dll
0x00007ff862730000 - 0x00007ff862745000 	C:\windows\system32\napinsp.dll
0x00007ff862750000 - 0x00007ff86276a000 	C:\windows\system32\pnrpnsp.dll
0x00007ff86d140000 - 0x00007ff86d15b000 	C:\windows\system32\NLAapi.dll
0x00007ff872f00000 - 0x00007ff872fa4000 	C:\windows\SYSTEM32\DNSAPI.dll
0x00007ff862770000 - 0x00007ff86277d000 	C:\windows\System32\winrnr.dll
0x00007ff862780000 - 0x00007ff862794000 	C:\windows\system32\wshbth.dll
0x00007ff8630b0000 - 0x00007ff8630ba000 	C:\Windows\System32\rasadhlp.dll
0x00007ff86c810000 - 0x00007ff86c87b000 	C:\windows\System32\fwpuclnt.dll
0x00007ff871c90000 - 0x00007ff871cb1000 	C:\windows\system32\DWMAPI.DLL
0x00007ff8725b0000 - 0x00007ff8726d9000 	C:\windows\system32\uxtheme.dll
0x00007ff855230000 - 0x00007ff85535b000 	C:\windows\system32\opengl32.dll
0x00007ff8551c0000 - 0x00007ff8551ee000 	C:\windows\SYSTEM32\GLU32.dll
0x00007ff86a440000 - 0x00007ff86a538000 	C:\windows\SYSTEM32\DDRAW.dll
0x00007ff86e970000 - 0x00007ff86e979000 	C:\windows\SYSTEM32\DCIMAN32.dll
0x00007ff8715c0000 - 0x00007ff87183a000 	C:\windows\WinSxS\amd64_microsoft.windows.common-controls_6595b64144ccf1df_6.0.9600.17810_none_6240b9c7ecbd0bda\COMCTL32.dll
0x00007ff86a740000 - 0x00007ff86a7eb000 	C:\Program Files\Common Files\microsoft shared\ink\tiptsf.dll
0x00007ff8762b0000 - 0x00007ff876444000 	C:\windows\system32\ole32.dll
0x00007ff872730000 - 0x00007ff87273b000 	C:\windows\SYSTEM32\kernel.appcore.dll
0x00007ff8541c0000 - 0x00007ff854240000 	C:\Program Files\Java\jdk-11.0.1\bin\freetype.dll
0x00007ff854400000 - 0x00007ff85446f000 	C:\Program Files\Java\jdk-11.0.1\bin\fontmanager.dll
0x00007ff870f30000 - 0x00007ff870f9a000 	C:\windows\SYSTEM32\oleacc.dll
0x00007ff876180000 - 0x00007ff876236000 	C:\windows\SYSTEM32\clbcatq.dll
0x00007ff854570000 - 0x00007ff8545b2000 	C:\Users\Sabrina\Downloads\incubating-netbeans-10.0-bin\netbeans\platform\modules\lib\amd64\jnidispatch-440.dll
0x00007ff854540000 - 0x00007ff854549000 	C:\Program Files\Java\jdk-11.0.1\bin\management.dll
0x00007ff854530000 - 0x00007ff85453c000 	C:\Program Files\Java\jdk-11.0.1\bin\management_ext.dll
0x00007ff871a80000 - 0x00007ff871c2e000 	C:\windows\SYSTEM32\WindowsCodecs.dll
0x00007ff852400000 - 0x00007ff85247f000 	C:\Program Files\Java\jdk-11.0.1\bin\mlib_image.dll
0x00007ff86d630000 - 0x00007ff86d6d4000 	C:\windows\WinSxS\amd64_microsoft.windows.common-controls_6595b64144ccf1df_5.82.9600.17810_none_34ae2abd958aedeb\comctl32.dll
0x00007ff8624b0000 - 0x00007ff8624b7000 	C:\Program Files\Java\jdk-11.0.1\bin\jawt.dll
0x00007ff874690000 - 0x00007ff87486a000 	C:\windows\system32\SETUPAPI.dll
0x00007ff86d160000 - 0x00007ff86d2df000 	C:\windows\system32\propsys.dll
0x00007ff854db0000 - 0x00007ff854f4d000 	C:\windows\system32\NetworkExplorer.dll
0x00007ff85daf0000 - 0x00007ff85db1e000 	C:\Windows\System32\thumbcache.dll
0x00007ff859780000 - 0x00007ff85978d000 	C:\windows\SYSTEM32\LINKINFO.dll
0x00007ff860610000 - 0x00007ff86062e000 	C:\windows\SYSTEM32\MPR.dll
0x00007ff866620000 - 0x00007ff86662b000 	C:\windows\System32\drprov.dll
0x00007ff873810000 - 0x00007ff87386a000 	C:\windows\System32\WINSTA.dll
0x00007ff85b7d0000 - 0x00007ff85b7e7000 	C:\windows\System32\ntlanman.dll
0x00007ff85b6f0000 - 0x00007ff85b70f000 	C:\windows\System32\davclnt.dll
0x00007ff861f00000 - 0x00007ff861f0c000 	C:\windows\System32\DAVHLPR.dll
0x00007ff86d070000 - 0x00007ff86d087000 	C:\windows\System32\wkscli.dll
0x00007ff8612d0000 - 0x00007ff8612e2000 	C:\windows\SYSTEM32\cscapi.dll
0x00007ff872b30000 - 0x00007ff872b3c000 	C:\windows\System32\netutils.dll
0x00007ff855600000 - 0x00007ff85567b000 	C:\Windows\System32\dlnashext.dll
0x00007ff857700000 - 0x00007ff85771e000 	C:\Windows\System32\DevDispItemProvider.dll
0x00007ff844ed0000 - 0x00007ff8450cd000 	C:\windows\system32\wpdshext.dll
0x00007ff86d6e0000 - 0x00007ff86d890000 	C:\windows\WinSxS\amd64_microsoft.windows.gdiplus_6595b64144ccf1df_1.1.9600.17415_none_932b3b5547500489\gdiplus.dll
0x00007ff8621c0000 - 0x00007ff862274000 	C:\Windows\System32\PortableDeviceApi.dll
0x00007ff873a70000 - 0x00007ff873ac1000 	C:\windows\system32\WINTRUST.dll
0x00007ff873c40000 - 0x00007ff873e1f000 	C:\windows\system32\CRYPT32.dll
0x00007ff8739a0000 - 0x00007ff8739b1000 	C:\windows\system32\MSASN1.dll
0x00007ff8548c0000 - 0x00007ff8548f7000 	C:\Windows\System32\EhStorShell.dll
0x00007ff862460000 - 0x00007ff862486000 	C:\Windows\System32\EhStorAPI.dll
0x00007ff8721c0000 - 0x00007ff8721d2000 	C:\Windows\System32\WTSAPI32.dll
0x00007ff8736b0000 - 0x00007ff8736de000 	C:\windows\SYSTEM32\SspiCli.dll

dbghelp: loaded successfully - version: 4.0.5 - missing functions: none
symbol engine: initialized successfully - sym options: 0x614 - pdb path: .;C:\Users\Sabrina\Downloads\incubating-netbeans-10.0-bin\netbeans\bin;C:\windows\SYSTEM32;C:\Users\Sabrina\Downloads\incubating-netbeans-10.0-bin\netbeans\platform\lib;C:\Program Files\Java\jdk-11.0.1\bin\server;C:\Program Files\Java\jdk-11.0.1\bin;C:\windows\WinSxS\amd64_microsoft.windows.common-controls_6595b64144ccf1df_6.0.9600.17810_none_6240b9c7ecbd0bda;C:\Program Files\Common Files\microsoft shared\ink;C:\Users\Sabrina\Downloads\incubating-netbeans-10.0-bin\netbeans\platform\modules\lib\amd64;C:\windows\WinSxS\amd64_microsoft.windows.common-controls_6595b64144ccf1df_5.82.9600.17810_none_34ae2abd958aedeb;C:\windows\WinSxS\amd64_microsoft.windows.gdiplus_6595b64144ccf1df_1.1.9600.17415_none_932b3b5547500489

VM Arguments:
jvm_args: -Dnetbeans.importclass=org.netbeans.upgrade.AutoUpgrade -XX:+UseStringDeduplication -Xss2m -Xms32m -Djdk.gtk.version=2.2 -Dapple.laf.useScreenMenuBar=true -Dapple.awt.graphics.UseQuartz=true -Dsun.java2d.noddraw=true -Dsun.java2d.dpiaware=true -Dsun.zip.disableMemoryMapping=true -Dplugin.manager.check.updates=false -Dnetbeans.extbrowser.manual_chrome_plugin_install=yes --add-opens=java.base/java.net=ALL-UNNAMED --add-opens=java.base/java.lang.ref=ALL-UNNAMED --add-opens=java.base/java.lang=ALL-UNNAMED --add-opens=java.base/java.security=ALL-UNNAMED --add-opens=java.base/java.util=ALL-UNNAMED --add-opens=java.desktop/javax.swing.plaf.basic=ALL-UNNAMED --add-opens=java.desktop/javax.swing.text=ALL-UNNAMED --add-opens=java.desktop/javax.swing=ALL-UNNAMED --add-opens=java.desktop/java.awt=ALL-UNNAMED --add-opens=java.desktop/java.awt.event=ALL-UNNAMED --add-opens=java.prefs/java.util.prefs=ALL-UNNAMED --add-opens=jdk.jshell/jdk.jshell=ALL-UNNAMED --add-modules=jdk.jshell --add-exports=java.desktop/sun.awt=ALL-UNNAMED --add-exports=java.desktop/java.awt.peer=ALL-UNNAMED --add-exports=java.desktop/com.sun.beans.editors=ALL-UNNAMED --add-exports=java.desktop/sun.swing=ALL-UNNAMED --add-exports=java.desktop/sun.awt.im=ALL-UNNAMED --add-exports=jdk.internal.jvmstat/sun.jvmstat.monitor=ALL-UNNAMED --add-exports=java.management/sun.management=ALL-UNNAMED --add-exports=java.base/sun.reflect.annotation=ALL-UNNAMED --add-exports=jdk.javadoc/com.sun.tools.javadoc.main=ALL-UNNAMED -XX:+IgnoreUnrecognizedVMOptions -Xmx1024m -Djdk.home=C:\Program Files\Java\jdk-11.0.1 -Dnetbeans.home=C:\Users\Sabrina\Downloads\incubating-netbeans-10.0-bin\netbeans\platform -Dnetbeans.user=C:\Users\Sabrina\AppData\Roaming\NetBeans\10.0 -Dnetbeans.default_userdir_root=C:\Users\Sabrina\AppData\Roaming\NetBeans -XX:+HeapDumpOnOutOfMemoryError -XX:HeapDumpPath=C:\Users\Sabrina\AppData\Roaming\NetBeans\10.0\var\log\heapdump.hprof -Dsun.awt.keepWorkingSetOnMinimize=true -Dnetbeans.dirs=C:\Users\Sabrina\Downloads\incubating-netbeans-10.0-bin\netbeans\nb;C:\Users\Sabrina\Downloads\incubating-netbeans-10.0-bin\netbeans\ergonomics;C:\Users\Sabrina\Downloads\incubating-netbeans-10.0-bin\netbeans\ide;C:\Users\Sabrina\Downloads\incubating-netbeans-10.0-bin\netbeans\extide;C:\Users\Sabrina\Downloads\incubating-netbeans-10.0-bin\netbeans\java;C:\Users\Sabrina\Downloads\incubating-netbeans-10.0-bin\netbeans\apisupport;C:\Users\Sabrina\Downloads\incubating-netbeans-10.0-bin\netbeans\webcommon;C:\Users\Sabrina\Downloads\incubating-netbeans-10.0-bin\netbeans\websvccommon;C:\Users\Sabrina\Downloads\incubating-netbeans-10.0-bin\netbeans\enterprise;C:\Users\Sabrina\Downloads\incubating-netbeans-10.0-bin\netbeans\mobility;C:\Users\Sabrina\Downloads\incubating-netbeans-10.0-bin\netbeans\profiler;C:\Users\Sabrina\Downloads\incubating-netbeans-10.0-bin\netbeans\python;C:\Users\Sabrina\Downloads\incubating-netbeans-10.0-bin\netbeans\php;C:\Users\Sabrina\Downloads\incubating-netbeans-10.0-bin\netbeans\identity;C:\Users\Sabrina\Downloads\incubating-netbeans-10.0-bin\netbeans\harness;C:\Users\Sabrina\Downloads\incubating-netbeans-10.0-bin\netbeans\cnd;C:\Users\Sabrina\Downloads\incubating-netbeans-10.0-bin\netbeans\cndext;C:\Users\Sabrina\Downloads\incubating-netbeans-10.0-bin\netbeans\dlight;C:\Users\Sabrina\Downloads\incubating-netbeans-10.0-bin\netbeans\groovy;C:\Users\Sabrina\Downloads\incubating-netbeans-10.0-bin\netbeans\extra;C:\Users\Sabrina\Downloads\incubating-netbeans-10.0-bin\netbeans\javacard;C:\Users\Sabrina\Downloads\incubating-netbeans-10.0-bin\netbeans\javafx exit 
java_command: <unknown>
java_class_path (initial): C:\Users\Sabrina\Downloads\incubating-netbeans-10.0-bin\netbeans\platform\lib\boot.jar;C:\Users\Sabrina\Downloads\incubating-netbeans-10.0-bin\netbeans\platform\lib\org-openide-modules.jar;C:\Users\Sabrina\Downloads\incubating-netbeans-10.0-bin\netbeans\platform\lib\org-openide-util-lookup.jar;C:\Users\Sabrina\Downloads\incubating-netbeans-10.0-bin\netbeans\platform\lib\org-openide-util-ui.jar;C:\Users\Sabrina\Downloads\incubating-netbeans-10.0-bin\netbeans\platform\lib\org-openide-util.jar
Launcher Type: generic

[Global flags]
     intx CICompilerCount                          = 4                                         {product} {ergonomic}
     uint ConcGCThreads                            = 2                                         {product} {ergonomic}
     uint G1ConcRefinementThreads                  = 8                                         {product} {ergonomic}
   size_t G1HeapRegionSize                         = 1048576                                   {product} {ergonomic}
    uintx GCDrainStackTargetSize                   = 64                                        {product} {ergonomic}
     bool HeapDumpOnOutOfMemoryError               = true                                   {manageable} {command line}
    ccstr HeapDumpPath                             = C:\Users\Sabrina\AppData\Roaming\NetBeans\10.0\var\log\heapdump.hprof         {manageable} {command line}
     bool IgnoreUnrecognizedVMOptions              = true                                      {product} {command line}
   size_t InitialHeapSize                          = 33554432                                  {product} {command line}
   size_t MarkStackSize                            = 4194304                                   {product} {ergonomic}
   size_t MaxHeapSize                              = 1073741824                                {product} {command line}
   size_t MaxNewSize                               = 643825664                                 {product} {ergonomic}
   size_t MinHeapDeltaBytes                        = 1048576                                   {product} {ergonomic}
    uintx NonNMethodCodeHeapSize                   = 5835340                                {pd product} {ergonomic}
    uintx NonProfiledCodeHeapSize                  = 122911450                              {pd product} {ergonomic}
    uintx ProfiledCodeHeapSize                     = 122911450                              {pd product} {ergonomic}
    uintx ReservedCodeCacheSize                    = 251658240                              {pd product} {ergonomic}
     bool SegmentedCodeCache                       = true                                      {product} {ergonomic}
     intx ThreadStackSize                          = 2048                                   {pd product} {command line}
     bool UseCompressedClassPointers               = true                                 {lp64_product} {ergonomic}
     bool UseCompressedOops                        = true                                 {lp64_product} {ergonomic}
     bool UseG1GC                                  = true                                      {product} {ergonomic}
     bool UseLargePagesIndividualAllocation        = false                                  {pd product} {ergonomic}
     bool UseStringDeduplication                   = true                                      {product} {command line}

Logging:
Log output configuration:
 #0: stdout all=warning uptime,level,tags
 #1: stderr all=off uptime,level,tags

Environment Variables:
PATH=C:\Program Files (x86)\Common Files\Oracle\Java\javapath;C:\Program Files\Python36\Scripts\;C:\Program Files\Python36\;C:\Program Files (x86)\Lenovo\FusionEngine;C:\Program Files (x86)\NVIDIA Corporation\PhysX\Common;C:\Program Files (x86)\Intel\iCLS Client\;C:\Program Files\Intel\iCLS Client\;C:\windows\system32;C:\windows;C:\windows\System32\Wbem;C:\windows\System32\WindowsPowerShell\v1.0\;C:\Program Files\Intel\Intel(R) Management Engine Components\DAL;C:\Program Files\Intel\Intel(R) Management Engine Components\IPT;C:\Program Files (x86)\Intel\Intel(R) Management Engine Components\DAL;C:\Program Files (x86)\Intel\Intel(R) Management Engine Components\IPT;C:\Program Files\Intel\WiFi\bin\;C:\Program Files\Common Files\Intel\WirelessCommon\;C:\Program Files (x86)\Lenovo\Motion Control\;C:\Program Files (x86)\Skype\Phone\;C:\Program Files\dotnet\;C:\Program Files (x86)\Brackets\command;C:\Program Files (x86)\Calibre2\;C:\Users\Sabrina\AppData\Local\atom\bin
USERNAME=Sabrina
OS=Windows_NT
PROCESSOR_IDENTIFIER=Intel64 Family 6 Model 60 Stepping 3, GenuineIntel



---------------  S Y S T E M  ---------------

OS: Windows 8.1 , 64 bit Build 9600 (6.3.9600.17415)

CPU:total 8 (initial active 8) (4 cores per cpu, 2 threads per core) family 6 model 60 stepping 3, cmov, cx8, fxsr, mmx, sse, sse2, sse3, ssse3, sse4.1, sse4.2, popcnt, avx, avx2, aes, clmul, erms, lzcnt, ht, tsc, tscinvbit, bmi1, bmi2, fma

Memory: 4k page, system-wide physical 8104M (4427M free)
TotalPageFile size 16296M (AvailPageFile size 11462M)
current process WorkingSet (physical memory assigned to process): 817M, peak: 819M
current process commit charge ("private bytes"): 845M, peak: 852M

vm_info: Java HotSpot(TM) 64-Bit Server VM (11.0.1+13-LTS) for windows-amd64 JRE (11.0.1+13-LTS), built on Oct  6 2018 13:20:16 by "mach5one" with MS VC++ 15.5 (VS2017)

END.
